Copyright 1986-2022 Xilinx, Inc. All Rights Reserved. Copyright 2022-2024 Advanced Micro Devices, Inc. All Rights Reserved.
---------------------------------------------------------------------------------------------------------------------------------------------
| Tool Version : Vivado v.2024.2 (lin64) Build 5239630 Fri Nov 08 22:34:34 MST 2024
| Date         : Sat Feb 15 14:43:05 2025
| Host         : adnepukan-deepin running 64-bit Deepin 20.9
| Command      : upgrade_ip
| Device       : xck26-sfvc784-2LV-c
---------------------------------------------------------------------------------------------------------------------------------------------

Upgrade Log for IP 'system_config_register_0_0'

1. Summary
----------

SUCCESS in the upgrade of system_config_register_0_0 (user.org:user:config_register:1.0) from (Rev. 7) to (Rev. 8)






Copyright 1986-2022 Xilinx, Inc. All Rights Reserved. Copyright 2022-2024 Advanced Micro Devices, Inc. All Rights Reserved.
---------------------------------------------------------------------------------------------------------------------------------------------
| Tool Version : Vivado v.2024.2 (lin64) Build 5239630 Fri Nov 08 22:34:34 MST 2024
| Date         : Sat Feb 15 14:40:00 2025
| Host         : adnepukan-deepin running 64-bit Deepin 20.9
| Command      : upgrade_ip
| Device       : xck26-sfvc784-2LV-c
---------------------------------------------------------------------------------------------------------------------------------------------

Upgrade Log for IP 'system_config_register_0_0'

1. Summary
----------

SUCCESS in the upgrade of system_config_register_0_0 (user.org:user:config_register:1.0) from (Rev. 6) to (Rev. 7)






Copyright 1986-2022 Xilinx, Inc. All Rights Reserved. Copyright 2022-2024 Advanced Micro Devices, Inc. All Rights Reserved.
---------------------------------------------------------------------------------------------------------------------------------------------
| Tool Version : Vivado v.2024.2 (lin64) Build 5239630 Fri Nov 08 22:34:34 MST 2024
| Date         : Fri Feb 14 15:33:48 2025
| Host         : adnepukan-deepin running 64-bit Deepin 20.9
| Command      : upgrade_ip
| Device       : xck26-sfvc784-2LV-c
---------------------------------------------------------------------------------------------------------------------------------------------

Upgrade Log for IP 'system_config_register_0_0'

1. Summary
----------

SUCCESS in the upgrade of system_config_register_0_0 (user.org:user:config_register:1.0) from (Rev. 3) to (Rev. 6)

