

================================================================
== Vitis HLS Report for 'Loop_VITIS_LOOP_337_3_proc'
================================================================
* Date:           Fri Mar 28 16:44:21 2025

* Version:        2024.2 (Build 5238294 on Nov  8 2024)
* Project:        prjhls_awqmul
* Solution:       solution1 (Vivado IP Flow Target)
* Product family: zynquplus
* Target device:  xck26-sfvc784-2LV-c


================================================================
== Performance Estimates
================================================================
+ Timing: 
    * Summary: 
    +--------+---------+----------+------------+
    |  Clock |  Target | Estimated| Uncertainty|
    +--------+---------+----------+------------+
    |ap_clk  |  5.00 ns|  2.799 ns|     1.35 ns|
    +--------+---------+----------+------------+

+ Latency: 
    * Summary: 
    +---------+---------+-----------+-----------+-----+-----+------------------------------------------------+
    |  Latency (cycles) |   Latency (absolute)  |  Interval |                    Pipeline                    |
    |   min   |   max   |    min    |    max    | min | max |                      Type                      |
    +---------+---------+-----------+-----------+-----+-----+------------------------------------------------+
    |        9|        9|  45.000 ns|  45.000 ns|    8|    8|  loop auto-rewind stp (delay=0 clock cycles(s))|
    +---------+---------+-----------+-----------+-----+-----+------------------------------------------------+

    + Detail: 
        * Instance: 
        N/A

        * Loop: 
        +-------------------------------------+---------+---------+----------+-----------+-----------+------+----------+
        |                                     |  Latency (cycles) | Iteration|  Initiation Interval  | Trip |          |
        |              Loop Name              |   min   |   max   |  Latency |  achieved |   target  | Count| Pipelined|
        +-------------------------------------+---------+---------+----------+-----------+-----------+------+----------+
        |- VITIS_LOOP_337_3_VITIS_LOOP_338_4  |        7|        7|         1|          1|          1|     8|       yes|
        +-------------------------------------+---------+---------+----------+-----------+-----------+------+----------+



================================================================
== Utilization Estimates
================================================================
* Summary: 
+-----------------+---------+------+--------+--------+-----+
|       Name      | BRAM_18K|  DSP |   FF   |   LUT  | URAM|
+-----------------+---------+------+--------+--------+-----+
|DSP              |        -|     -|       -|       -|    -|
|Expression       |        -|     -|       0|     577|    -|
|FIFO             |        -|     -|       -|       -|    -|
|Instance         |        -|     -|       -|       -|    -|
|Memory           |        -|     -|       -|       -|    -|
|Multiplexer      |        -|     -|       0|     203|    -|
|Register         |        -|     -|     142|       -|    -|
+-----------------+---------+------+--------+--------+-----+
|Total            |        0|     0|     142|     780|    0|
+-----------------+---------+------+--------+--------+-----+
|Available        |      288|  1248|  234240|  117120|   64|
+-----------------+---------+------+--------+--------+-----+
|Utilization (%)  |        0|     0|      ~0|      ~0|    0|
+-----------------+---------+------+--------+--------+-----+

+ Detail: 
    * Instance: 
    N/A

    * DSP: 
    N/A

    * Memory: 
    N/A

    * FIFO: 
    N/A

    * Expression: 
    +----------------------------------+----------+----+---+----+------------+------------+
    |           Variable Name          | Operation| DSP| FF| LUT| Bitwidth P0| Bitwidth P1|
    +----------------------------------+----------+----+---+----+------------+------------+
    |add_ln337_1_fu_439_p2             |         +|   0|  0|  10|           3|           1|
    |add_ln337_fu_630_p2               |         +|   0|  0|  10|           3|           1|
    |group_fu_618_p2                   |         +|   0|  0|   9|           2|           1|
    |icmp_ln337_fu_636_p2              |      icmp|   0|  0|  10|           3|           2|
    |icmp_ln338_fu_624_p2              |      icmp|   0|  0|  10|           2|           3|
    |icmp_ln351_fu_433_p2              |      icmp|   0|  0|   9|           2|           1|
    |ap_block_state1_pp0_stage0_iter0  |        or|   0|  0|   2|           1|           1|
    |ch_fu_421_p3                      |    select|   0|  0|   3|           1|           3|
    |select_ln337_fu_413_p3            |    select|   0|  0|   2|           1|           1|
    |select_ln351_10_fu_499_p3         |    select|   0|  0|  32|           1|          32|
    |select_ln351_11_fu_508_p3         |    select|   0|  0|  32|           1|          32|
    |select_ln351_12_fu_445_p3         |    select|   0|  0|  32|           1|          32|
    |select_ln351_13_fu_454_p3         |    select|   0|  0|  32|           1|          32|
    |select_ln351_14_fu_463_p3         |    select|   0|  0|  32|           1|          32|
    |select_ln351_15_fu_472_p3         |    select|   0|  0|  32|           1|          32|
    |select_ln351_1_fu_562_p3          |    select|   0|  0|  32|           1|          32|
    |select_ln351_2_fu_571_p3          |    select|   0|  0|  32|           1|          32|
    |select_ln351_3_fu_580_p3          |    select|   0|  0|  32|           1|          32|
    |select_ln351_4_fu_517_p3          |    select|   0|  0|  32|           1|          32|
    |select_ln351_5_fu_526_p3          |    select|   0|  0|  32|           1|          32|
    |select_ln351_6_fu_535_p3          |    select|   0|  0|  32|           1|          32|
    |select_ln351_7_fu_544_p3          |    select|   0|  0|  32|           1|          32|
    |select_ln351_8_fu_481_p3          |    select|   0|  0|  32|           1|          32|
    |select_ln351_9_fu_490_p3          |    select|   0|  0|  32|           1|          32|
    |select_ln351_fu_553_p3            |    select|   0|  0|  32|           1|          32|
    +----------------------------------+----------+----+---+----+------------+------------+
    |Total                             |          |   0|  0| 577|          34|         526|
    +----------------------------------+----------+----+---+----+------------+------------+

    * Multiplexer: 
    +---------------------------------------+----+-----------+-----+-----------+
    |                  Name                 | LUT| Input Size| Bits| Total Bits|
    +---------------------------------------+----+-----------+-----+-----------+
    |add_ln3377_fu_116                      |   9|          2|    3|          6|
    |ap_done_int                            |   9|          2|    1|          2|
    |ap_phi_mux_empty_49_phi_fu_345_p8      |  26|          5|   32|        160|
    |ap_phi_mux_empty_50_phi_fu_358_p8      |  26|          5|   32|        160|
    |ap_phi_mux_empty_51_phi_fu_371_p8      |  26|          5|   32|        160|
    |ap_phi_mux_empty_phi_fu_332_p8         |  26|          5|   32|        160|
    |ap_phi_mux_icmp_ln3386_phi_fu_322_p4   |   9|          2|    1|          2|
    |ap_sig_allocacmp_add_ln3377_load       |   9|          2|    3|          6|
    |ap_sig_allocacmp_ch3_load              |   9|          2|    3|          6|
    |ap_sig_allocacmp_group4_load           |   9|          2|    2|          4|
    |ap_sig_allocacmp_indvar_flatten2_load  |   9|          2|    3|          6|
    |ch3_fu_108                             |   9|          2|    3|          6|
    |group4_fu_112                          |   9|          2|    2|          4|
    |indvar_flatten2_fu_104                 |   9|          2|    3|          6|
    |out_r                                  |   9|          2|  128|        256|
    +---------------------------------------+----+-----------+-----+-----------+
    |Total                                  | 203|         42|  280|        944|
    +---------------------------------------+----+-----------+-----+-----------+

    * Register: 
    +------------------------+-----+----+-----+-----------+
    |          Name          |  FF | LUT| Bits| Const Bits|
    +------------------------+-----+----+-----+-----------+
    |add_ln3377_fu_116       |    3|   0|    3|          0|
    |ap_CS_fsm               |    1|   0|    1|          0|
    |ap_done_reg             |    1|   0|    1|          0|
    |ch3_fu_108              |    3|   0|    3|          0|
    |group4_fu_112           |    2|   0|    2|          0|
    |icmp_ln3386_reg_319     |    1|   0|    1|          0|
    |indvar_flatten2_fu_104  |    3|   0|    3|          0|
    |out_r_preg              |  128|   0|  128|          0|
    +------------------------+-----+----+-----+-----------+
    |Total                   |  142|   0|  142|          0|
    +------------------------+-----+----+-----+-----------+



================================================================
== Interface
================================================================
* Summary: 
+--------------+-----+-----+------------+----------------------------+--------------+
|   RTL Ports  | Dir | Bits|  Protocol  |        Source Object       |    C Type    |
+--------------+-----+-----+------------+----------------------------+--------------+
|ap_clk        |   in|    1|  ap_ctrl_hs|  Loop_VITIS_LOOP_337_3_proc|  return value|
|ap_rst        |   in|    1|  ap_ctrl_hs|  Loop_VITIS_LOOP_337_3_proc|  return value|
|ap_start      |   in|    1|  ap_ctrl_hs|  Loop_VITIS_LOOP_337_3_proc|  return value|
|ap_done       |  out|    1|  ap_ctrl_hs|  Loop_VITIS_LOOP_337_3_proc|  return value|
|ap_continue   |   in|    1|  ap_ctrl_hs|  Loop_VITIS_LOOP_337_3_proc|  return value|
|ap_idle       |  out|    1|  ap_ctrl_hs|  Loop_VITIS_LOOP_337_3_proc|  return value|
|ap_ready      |  out|    1|  ap_ctrl_hs|  Loop_VITIS_LOOP_337_3_proc|  return value|
|p_read        |   in|   32|     ap_none|                      p_read|        scalar|
|p_read1       |   in|   32|     ap_none|                     p_read1|        scalar|
|p_read2       |   in|   32|     ap_none|                     p_read2|        scalar|
|p_read3       |   in|   32|     ap_none|                     p_read3|        scalar|
|p_read4       |   in|   32|     ap_none|                     p_read4|        scalar|
|p_read5       |   in|   32|     ap_none|                     p_read5|        scalar|
|p_read6       |   in|   32|     ap_none|                     p_read6|        scalar|
|p_read7       |   in|   32|     ap_none|                     p_read7|        scalar|
|p_read8       |   in|   32|     ap_none|                     p_read8|        scalar|
|p_read9       |   in|   32|     ap_none|                     p_read9|        scalar|
|p_read10      |   in|   32|     ap_none|                    p_read10|        scalar|
|p_read11      |   in|   32|     ap_none|                    p_read11|        scalar|
|p_read12      |   in|   32|     ap_none|                    p_read12|        scalar|
|p_read13      |   in|   32|     ap_none|                    p_read13|        scalar|
|p_read14      |   in|   32|     ap_none|                    p_read14|        scalar|
|p_read15      |   in|   32|     ap_none|                    p_read15|        scalar|
|p_read16      |   in|   32|     ap_none|                    p_read16|        scalar|
|p_read17      |   in|   32|     ap_none|                    p_read17|        scalar|
|p_read18      |   in|   32|     ap_none|                    p_read18|        scalar|
|p_read19      |   in|   32|     ap_none|                    p_read19|        scalar|
|p_read20      |   in|   32|     ap_none|                    p_read20|        scalar|
|p_read21      |   in|   32|     ap_none|                    p_read21|        scalar|
|p_read22      |   in|   32|     ap_none|                    p_read22|        scalar|
|p_read23      |   in|   32|     ap_none|                    p_read23|        scalar|
|p_read24      |   in|   32|     ap_none|                    p_read24|        scalar|
|p_read25      |   in|   32|     ap_none|                    p_read25|        scalar|
|p_read26      |   in|   32|     ap_none|                    p_read26|        scalar|
|p_read27      |   in|   32|     ap_none|                    p_read27|        scalar|
|p_read28      |   in|   32|     ap_none|                    p_read28|        scalar|
|p_read29      |   in|   32|     ap_none|                    p_read29|        scalar|
|p_read30      |   in|   32|     ap_none|                    p_read30|        scalar|
|p_read31      |   in|   32|     ap_none|                    p_read31|        scalar|
|out_r         |  out|  128|      ap_vld|                       out_r|       pointer|
|out_r_ap_vld  |  out|    1|      ap_vld|                       out_r|       pointer|
+--------------+-----+-----+------------+----------------------------+--------------+

