

================================================================
== Vitis HLS Report for 'w4a8_gemm'
================================================================
* Date:           Mon Feb 24 00:39:04 2025

* Version:        2022.1.2 (Build 3605665 on Fri Aug  5 22:52:02 MDT 2022)
* Project:        prj
* Solution:       sol (Vitis Kernel Flow Target)
* Product family: zynquplus
* Target device:  xck26-sfvc784-2LV-c


================================================================
== Performance Estimates
================================================================
+ Timing: 
    * Summary: 
    +--------+----------+----------+------------+
    |  Clock |  Target  | Estimated| Uncertainty|
    +--------+----------+----------+------------+
    |ap_clk  |  10.00 ns|  7.300 ns|     2.70 ns|
    +--------+----------+----------+------------+

+ Latency: 
    * Summary: 
    +---------+---------+----------+----------+-------+-------+---------+
    |  Latency (cycles) |  Latency (absolute) |    Interval   | Pipeline|
    |   min   |   max   |    min   |    max   |  min  |  max  |   Type  |
    +---------+---------+----------+----------+-------+-------+---------+
    |    12440|    12440|  0.124 ms|  0.124 ms|  12441|  12441|       no|
    +---------+---------+----------+----------+-------+-------+---------+

    + Detail: 
        * Instance: 
        +------------------------------------------------+-------------------------------------+---------+---------+-----------+-----------+------+------+---------+
        |                                                |                                     |  Latency (cycles) |   Latency (absolute)  |   Interval  | Pipeline|
        |                    Instance                    |                Module               |   min   |   max   |    min    |    max    |  min |  max |   Type  |
        +------------------------------------------------+-------------------------------------+---------+---------+-----------+-----------+------+------+---------+
        |grp_w4a8_gemm_Pipeline_1_fu_179                 |w4a8_gemm_Pipeline_1                 |     4099|     4099|  40.990 us|  40.990 us|  4099|  4099|       no|
        |grp_w4a8_gemm_Pipeline_4_fu_187                 |w4a8_gemm_Pipeline_4                 |     4099|     4099|  40.990 us|  40.990 us|  4099|  4099|       no|
        |grp_w4a8_gemm_Pipeline_7_fu_195                 |w4a8_gemm_Pipeline_7                 |     4099|     4099|  40.990 us|  40.990 us|  4099|  4099|       no|
        |grp_w4a8_gemm_Pipeline_VITIS_LOOP_64_1_fu_203   |w4a8_gemm_Pipeline_VITIS_LOOP_64_1   |     4098|     4098|  40.980 us|  40.980 us|  4098|  4098|       no|
        |grp_w4a8_gemm_Pipeline_VITIS_LOOP_85_2_fu_209   |w4a8_gemm_Pipeline_VITIS_LOOP_85_2   |     4098|     4098|  40.980 us|  40.980 us|  4098|  4098|       no|
        |grp_w4a8_gemm_Pipeline_VITIS_LOOP_106_3_fu_215  |w4a8_gemm_Pipeline_VITIS_LOOP_106_3  |     4098|     4098|  40.980 us|  40.980 us|  4098|  4098|       no|
        |grp_w4a8_gemm_Pipeline_3_fu_221                 |w4a8_gemm_Pipeline_3                 |     4099|     4099|  40.990 us|  40.990 us|  4099|  4099|       no|
        |grp_w4a8_gemm_Pipeline_6_fu_229                 |w4a8_gemm_Pipeline_6                 |     4099|     4099|  40.990 us|  40.990 us|  4099|  4099|       no|
        |grp_w4a8_gemm_Pipeline_9_fu_237                 |w4a8_gemm_Pipeline_9                 |     4099|     4099|  40.990 us|  40.990 us|  4099|  4099|       no|
        +------------------------------------------------+-------------------------------------+---------+---------+-----------+-----------+------+------+---------+

        * Loop: 
        N/A



================================================================
== Utilization Estimates
================================================================
* Summary: 
+-----------------+---------+------+--------+--------+-----+
|       Name      | BRAM_18K|  DSP |   FF   |   LUT  | URAM|
+-----------------+---------+------+--------+--------+-----+
|DSP              |        -|     -|       -|       -|    -|
|Expression       |        -|     -|       0|      12|    -|
|FIFO             |        -|     -|       -|       -|    -|
|Instance         |        0|     -|   10043|    9917|    0|
|Memory           |       96|     -|       0|       0|    0|
|Multiplexer      |        -|     -|       -|    1420|    -|
|Register         |        -|     -|     523|       -|    -|
+-----------------+---------+------+--------+--------+-----+
|Total            |       96|     0|   10566|   11349|    0|
+-----------------+---------+------+--------+--------+-----+
|Available        |      288|  1248|  234240|  117120|   64|
+-----------------+---------+------+--------+--------+-----+
|Utilization (%)  |       33|     0|       4|       9|    0|
+-----------------+---------+------+--------+--------+-----+

+ Detail: 
    * Instance: 
    +------------------------------------------------+-------------------------------------+---------+----+------+------+-----+
    |                    Instance                    |                Module               | BRAM_18K| DSP|  FF  |  LUT | URAM|
    +------------------------------------------------+-------------------------------------+---------+----+------+------+-----+
    |control_s_axi_U                                 |control_s_axi                        |        0|   0|   398|   680|    0|
    |m00_axi_m_axi_U                                 |m00_axi_m_axi                        |        0|   0|  1613|  2279|    0|
    |m01_axi_m_axi_U                                 |m01_axi_m_axi                        |        0|   0|  1613|  2279|    0|
    |m02_axi_m_axi_U                                 |m02_axi_m_axi                        |        0|   0|  1613|  2279|    0|
    |grp_w4a8_gemm_Pipeline_1_fu_179                 |w4a8_gemm_Pipeline_1                 |        0|   0|  1040|   117|    0|
    |grp_w4a8_gemm_Pipeline_3_fu_221                 |w4a8_gemm_Pipeline_3                 |        0|   0|   533|   574|    0|
    |grp_w4a8_gemm_Pipeline_4_fu_187                 |w4a8_gemm_Pipeline_4                 |        0|   0|  1040|   117|    0|
    |grp_w4a8_gemm_Pipeline_6_fu_229                 |w4a8_gemm_Pipeline_6                 |        0|   0|   533|   574|    0|
    |grp_w4a8_gemm_Pipeline_7_fu_195                 |w4a8_gemm_Pipeline_7                 |        0|   0|  1040|   117|    0|
    |grp_w4a8_gemm_Pipeline_9_fu_237                 |w4a8_gemm_Pipeline_9                 |        0|   0|   533|   574|    0|
    |grp_w4a8_gemm_Pipeline_VITIS_LOOP_106_3_fu_215  |w4a8_gemm_Pipeline_VITIS_LOOP_106_3  |        0|   0|    29|   109|    0|
    |grp_w4a8_gemm_Pipeline_VITIS_LOOP_64_1_fu_203   |w4a8_gemm_Pipeline_VITIS_LOOP_64_1   |        0|   0|    29|   109|    0|
    |grp_w4a8_gemm_Pipeline_VITIS_LOOP_85_2_fu_209   |w4a8_gemm_Pipeline_VITIS_LOOP_85_2   |        0|   0|    29|   109|    0|
    +------------------------------------------------+-------------------------------------+---------+----+------+------+-----+
    |Total                                           |                                     |        0|   0| 10043|  9917|    0|
    +------------------------------------------------+-------------------------------------+---------+----+------+------+-----+

    * DSP: 
    N/A

    * Memory: 
    +-------------------------+------------------------------------+---------+---+----+-----+------+-----+------+-------------+
    |          Memory         |               Module               | BRAM_18K| FF| LUT| URAM| Words| Bits| Banks| W*Bits*Banks|
    +-------------------------+------------------------------------+---------+---+----+-----+------+-----+------+-------------+
    |m00_axi_input_buffer_U   |m00_axi_input_buffer_RAM_AUTO_1R1W  |       16|  0|   0|    0|  8192|   32|     1|       262144|
    |m00_axi_output_buffer_U  |m00_axi_input_buffer_RAM_AUTO_1R1W  |       16|  0|   0|    0|  8192|   32|     1|       262144|
    |m01_axi_input_buffer_U   |m00_axi_input_buffer_RAM_AUTO_1R1W  |       16|  0|   0|    0|  8192|   32|     1|       262144|
    |m01_axi_output_buffer_U  |m00_axi_input_buffer_RAM_AUTO_1R1W  |       16|  0|   0|    0|  8192|   32|     1|       262144|
    |m02_axi_input_buffer_U   |m00_axi_input_buffer_RAM_AUTO_1R1W  |       16|  0|   0|    0|  8192|   32|     1|       262144|
    |m02_axi_output_buffer_U  |m00_axi_input_buffer_RAM_AUTO_1R1W  |       16|  0|   0|    0|  8192|   32|     1|       262144|
    +-------------------------+------------------------------------+---------+---+----+-----+------+-----+------+-------------+
    |Total                    |                                    |       96|  0|   0|    0| 49152|  192|     6|      1572864|
    +-------------------------+------------------------------------+---------+---+----+-----+------+-----+------+-------------+

    * FIFO: 
    N/A

    * Expression: 
    +----------------------------------+----------+----+---+----+------------+------------+
    |           Variable Name          | Operation| DSP| FF| LUT| Bitwidth P0| Bitwidth P1|
    +----------------------------------+----------+----+---+----+------------+------------+
    |ap_block_state145                 |        or|   0|  0|   2|           1|           1|
    |ap_block_state2_io                |        or|   0|  0|   2|           1|           1|
    |ap_block_state73_on_subcall_done  |        or|   0|  0|   2|           1|           1|
    |ap_block_state74_io               |        or|   0|  0|   2|           1|           1|
    |ap_block_state75_on_subcall_done  |        or|   0|  0|   2|           1|           1|
    |ap_block_state77_on_subcall_done  |        or|   0|  0|   2|           1|           1|
    +----------------------------------+----------+----+---+----+------------+------------+
    |Total                             |          |   0|  0|  12|           6|           6|
    +----------------------------------+----------+----+---+----+------------+------------+

    * Multiplexer: 
    +--------------------------------+-----+-----------+-----+-----------+
    |              Name              | LUT | Input Size| Bits| Total Bits|
    +--------------------------------+-----+-----------+-----+-----------+
    |ap_NS_fsm                       |  769|        146|    1|        146|
    |m00_axi_ARADDR                  |   14|          3|   64|        192|
    |m00_axi_ARLEN                   |   14|          3|   32|         96|
    |m00_axi_ARVALID                 |   14|          3|    1|          3|
    |m00_axi_AWADDR                  |   14|          3|   64|        192|
    |m00_axi_AWLEN                   |   14|          3|   32|         96|
    |m00_axi_AWVALID                 |   14|          3|    1|          3|
    |m00_axi_BREADY                  |   14|          3|    1|          3|
    |m00_axi_RREADY                  |    9|          2|    1|          2|
    |m00_axi_WVALID                  |    9|          2|    1|          2|
    |m00_axi_blk_n_AR                |    9|          2|    1|          2|
    |m00_axi_blk_n_AW                |    9|          2|    1|          2|
    |m00_axi_blk_n_B                 |    9|          2|    1|          2|
    |m00_axi_input_buffer_address0   |   14|          3|   13|         39|
    |m00_axi_input_buffer_ce0        |   14|          3|    1|          3|
    |m00_axi_input_buffer_we0        |    9|          2|    1|          2|
    |m00_axi_output_buffer_address0  |   14|          3|   13|         39|
    |m00_axi_output_buffer_ce0       |   14|          3|    1|          3|
    |m00_axi_output_buffer_we0       |    9|          2|    1|          2|
    |m01_axi_ARADDR                  |   14|          3|   64|        192|
    |m01_axi_ARLEN                   |   14|          3|   32|         96|
    |m01_axi_ARVALID                 |   14|          3|    1|          3|
    |m01_axi_AWADDR                  |   14|          3|   64|        192|
    |m01_axi_AWLEN                   |   14|          3|   32|         96|
    |m01_axi_AWVALID                 |   14|          3|    1|          3|
    |m01_axi_BREADY                  |   14|          3|    1|          3|
    |m01_axi_RREADY                  |    9|          2|    1|          2|
    |m01_axi_WVALID                  |    9|          2|    1|          2|
    |m01_axi_blk_n_AR                |    9|          2|    1|          2|
    |m01_axi_blk_n_AW                |    9|          2|    1|          2|
    |m01_axi_blk_n_B                 |    9|          2|    1|          2|
    |m01_axi_input_buffer_address0   |   14|          3|   13|         39|
    |m01_axi_input_buffer_ce0        |   14|          3|    1|          3|
    |m01_axi_input_buffer_we0        |    9|          2|    1|          2|
    |m01_axi_output_buffer_address0  |   14|          3|   13|         39|
    |m01_axi_output_buffer_ce0       |   14|          3|    1|          3|
    |m01_axi_output_buffer_we0       |    9|          2|    1|          2|
    |m02_axi_ARADDR                  |   14|          3|   64|        192|
    |m02_axi_ARLEN                   |   14|          3|   32|         96|
    |m02_axi_ARVALID                 |   14|          3|    1|          3|
    |m02_axi_AWADDR                  |   14|          3|   64|        192|
    |m02_axi_AWLEN                   |   14|          3|   32|         96|
    |m02_axi_AWVALID                 |   14|          3|    1|          3|
    |m02_axi_BREADY                  |   14|          3|    1|          3|
    |m02_axi_RREADY                  |    9|          2|    1|          2|
    |m02_axi_WVALID                  |    9|          2|    1|          2|
    |m02_axi_blk_n_AR                |    9|          2|    1|          2|
    |m02_axi_blk_n_AW                |    9|          2|    1|          2|
    |m02_axi_blk_n_B                 |    9|          2|    1|          2|
    |m02_axi_input_buffer_address0   |   14|          3|   13|         39|
    |m02_axi_input_buffer_ce0        |   14|          3|    1|          3|
    |m02_axi_input_buffer_we0        |    9|          2|    1|          2|
    |m02_axi_output_buffer_address0  |   14|          3|   13|         39|
    |m02_axi_output_buffer_ce0       |   14|          3|    1|          3|
    |m02_axi_output_buffer_we0       |    9|          2|    1|          2|
    +--------------------------------+-----+-----------+-----+-----------+
    |Total                           | 1420|        287|  691|       2195|
    +--------------------------------+-----+-----------+-----+-----------+

    * Register: 
    +-------------------------------------------------------------+-----+----+-----+-----------+
    |                             Name                            |  FF | LUT| Bits| Const Bits|
    +-------------------------------------------------------------+-----+----+-----+-----------+
    |ap_CS_fsm                                                    |  145|   0|  145|          0|
    |ap_rst_n_inv                                                 |    1|   0|    1|          0|
    |ap_rst_reg_1                                                 |    1|   0|    1|          0|
    |ap_rst_reg_2                                                 |    1|   0|    1|          0|
    |grp_w4a8_gemm_Pipeline_1_fu_179_ap_start_reg                 |    1|   0|    1|          0|
    |grp_w4a8_gemm_Pipeline_3_fu_221_ap_start_reg                 |    1|   0|    1|          0|
    |grp_w4a8_gemm_Pipeline_4_fu_187_ap_start_reg                 |    1|   0|    1|          0|
    |grp_w4a8_gemm_Pipeline_6_fu_229_ap_start_reg                 |    1|   0|    1|          0|
    |grp_w4a8_gemm_Pipeline_7_fu_195_ap_start_reg                 |    1|   0|    1|          0|
    |grp_w4a8_gemm_Pipeline_9_fu_237_ap_start_reg                 |    1|   0|    1|          0|
    |grp_w4a8_gemm_Pipeline_VITIS_LOOP_106_3_fu_215_ap_start_reg  |    1|   0|    1|          0|
    |grp_w4a8_gemm_Pipeline_VITIS_LOOP_64_1_fu_203_ap_start_reg   |    1|   0|    1|          0|
    |grp_w4a8_gemm_Pipeline_VITIS_LOOP_85_2_fu_209_ap_start_reg   |    1|   0|    1|          0|
    |m00_axi_addr_reg_326                                         |   64|   0|   64|          0|
    |m01_axi_addr_reg_331                                         |   64|   0|   64|          0|
    |m02_axi_addr_reg_336                                         |   64|   0|   64|          0|
    |trunc_ln1_reg_312                                            |   58|   0|   58|          0|
    |trunc_ln2_reg_319                                            |   58|   0|   58|          0|
    |trunc_ln_reg_305                                             |   58|   0|   58|          0|
    +-------------------------------------------------------------+-----+----+-----+-----------+
    |Total                                                        |  523|   0|  523|          0|
    +-------------------------------------------------------------+-----+----+-----+-----------+



================================================================
== Interface
================================================================
* Summary: 
+------------------------+-----+-----+------------+--------------+--------------+
|        RTL Ports       | Dir | Bits|  Protocol  | Source Object|    C Type    |
+------------------------+-----+-----+------------+--------------+--------------+
|s_axi_control_AWVALID   |   in|    1|       s_axi|       control|        scalar|
|s_axi_control_AWREADY   |  out|    1|       s_axi|       control|        scalar|
|s_axi_control_AWADDR    |   in|    7|       s_axi|       control|        scalar|
|s_axi_control_WVALID    |   in|    1|       s_axi|       control|        scalar|
|s_axi_control_WREADY    |  out|    1|       s_axi|       control|        scalar|
|s_axi_control_WDATA     |   in|   32|       s_axi|       control|        scalar|
|s_axi_control_WSTRB     |   in|    4|       s_axi|       control|        scalar|
|s_axi_control_ARVALID   |   in|    1|       s_axi|       control|        scalar|
|s_axi_control_ARREADY   |  out|    1|       s_axi|       control|        scalar|
|s_axi_control_ARADDR    |   in|    7|       s_axi|       control|        scalar|
|s_axi_control_RVALID    |  out|    1|       s_axi|       control|        scalar|
|s_axi_control_RREADY    |   in|    1|       s_axi|       control|        scalar|
|s_axi_control_RDATA     |  out|   32|       s_axi|       control|        scalar|
|s_axi_control_RRESP     |  out|    2|       s_axi|       control|        scalar|
|s_axi_control_BVALID    |  out|    1|       s_axi|       control|        scalar|
|s_axi_control_BREADY    |   in|    1|       s_axi|       control|        scalar|
|s_axi_control_BRESP     |  out|    2|       s_axi|       control|        scalar|
|ap_clk                  |   in|    1|  ap_ctrl_hs|     w4a8_gemm|  return value|
|ap_rst_n                |   in|    1|  ap_ctrl_hs|     w4a8_gemm|  return value|
|interrupt               |  out|    1|  ap_ctrl_hs|     w4a8_gemm|  return value|
|m_axi_m00_axi_AWVALID   |  out|    1|       m_axi|       m00_axi|       pointer|
|m_axi_m00_axi_AWREADY   |   in|    1|       m_axi|       m00_axi|       pointer|
|m_axi_m00_axi_AWADDR    |  out|   64|       m_axi|       m00_axi|       pointer|
|m_axi_m00_axi_AWID      |  out|    1|       m_axi|       m00_axi|       pointer|
|m_axi_m00_axi_AWLEN     |  out|    8|       m_axi|       m00_axi|       pointer|
|m_axi_m00_axi_AWSIZE    |  out|    3|       m_axi|       m00_axi|       pointer|
|m_axi_m00_axi_AWBURST   |  out|    2|       m_axi|       m00_axi|       pointer|
|m_axi_m00_axi_AWLOCK    |  out|    2|       m_axi|       m00_axi|       pointer|
|m_axi_m00_axi_AWCACHE   |  out|    4|       m_axi|       m00_axi|       pointer|
|m_axi_m00_axi_AWPROT    |  out|    3|       m_axi|       m00_axi|       pointer|
|m_axi_m00_axi_AWQOS     |  out|    4|       m_axi|       m00_axi|       pointer|
|m_axi_m00_axi_AWREGION  |  out|    4|       m_axi|       m00_axi|       pointer|
|m_axi_m00_axi_AWUSER    |  out|    1|       m_axi|       m00_axi|       pointer|
|m_axi_m00_axi_WVALID    |  out|    1|       m_axi|       m00_axi|       pointer|
|m_axi_m00_axi_WREADY    |   in|    1|       m_axi|       m00_axi|       pointer|
|m_axi_m00_axi_WDATA     |  out|  512|       m_axi|       m00_axi|       pointer|
|m_axi_m00_axi_WSTRB     |  out|   64|       m_axi|       m00_axi|       pointer|
|m_axi_m00_axi_WLAST     |  out|    1|       m_axi|       m00_axi|       pointer|
|m_axi_m00_axi_WID       |  out|    1|       m_axi|       m00_axi|       pointer|
|m_axi_m00_axi_WUSER     |  out|    1|       m_axi|       m00_axi|       pointer|
|m_axi_m00_axi_ARVALID   |  out|    1|       m_axi|       m00_axi|       pointer|
|m_axi_m00_axi_ARREADY   |   in|    1|       m_axi|       m00_axi|       pointer|
|m_axi_m00_axi_ARADDR    |  out|   64|       m_axi|       m00_axi|       pointer|
|m_axi_m00_axi_ARID      |  out|    1|       m_axi|       m00_axi|       pointer|
|m_axi_m00_axi_ARLEN     |  out|    8|       m_axi|       m00_axi|       pointer|
|m_axi_m00_axi_ARSIZE    |  out|    3|       m_axi|       m00_axi|       pointer|
|m_axi_m00_axi_ARBURST   |  out|    2|       m_axi|       m00_axi|       pointer|
|m_axi_m00_axi_ARLOCK    |  out|    2|       m_axi|       m00_axi|       pointer|
|m_axi_m00_axi_ARCACHE   |  out|    4|       m_axi|       m00_axi|       pointer|
|m_axi_m00_axi_ARPROT    |  out|    3|       m_axi|       m00_axi|       pointer|
|m_axi_m00_axi_ARQOS     |  out|    4|       m_axi|       m00_axi|       pointer|
|m_axi_m00_axi_ARREGION  |  out|    4|       m_axi|       m00_axi|       pointer|
|m_axi_m00_axi_ARUSER    |  out|    1|       m_axi|       m00_axi|       pointer|
|m_axi_m00_axi_RVALID    |   in|    1|       m_axi|       m00_axi|       pointer|
|m_axi_m00_axi_RREADY    |  out|    1|       m_axi|       m00_axi|       pointer|
|m_axi_m00_axi_RDATA     |   in|  512|       m_axi|       m00_axi|       pointer|
|m_axi_m00_axi_RLAST     |   in|    1|       m_axi|       m00_axi|       pointer|
|m_axi_m00_axi_RID       |   in|    1|       m_axi|       m00_axi|       pointer|
|m_axi_m00_axi_RUSER     |   in|    1|       m_axi|       m00_axi|       pointer|
|m_axi_m00_axi_RRESP     |   in|    2|       m_axi|       m00_axi|       pointer|
|m_axi_m00_axi_BVALID    |   in|    1|       m_axi|       m00_axi|       pointer|
|m_axi_m00_axi_BREADY    |  out|    1|       m_axi|       m00_axi|       pointer|
|m_axi_m00_axi_BRESP     |   in|    2|       m_axi|       m00_axi|       pointer|
|m_axi_m00_axi_BID       |   in|    1|       m_axi|       m00_axi|       pointer|
|m_axi_m00_axi_BUSER     |   in|    1|       m_axi|       m00_axi|       pointer|
|m_axi_m01_axi_AWVALID   |  out|    1|       m_axi|       m01_axi|       pointer|
|m_axi_m01_axi_AWREADY   |   in|    1|       m_axi|       m01_axi|       pointer|
|m_axi_m01_axi_AWADDR    |  out|   64|       m_axi|       m01_axi|       pointer|
|m_axi_m01_axi_AWID      |  out|    1|       m_axi|       m01_axi|       pointer|
|m_axi_m01_axi_AWLEN     |  out|    8|       m_axi|       m01_axi|       pointer|
|m_axi_m01_axi_AWSIZE    |  out|    3|       m_axi|       m01_axi|       pointer|
|m_axi_m01_axi_AWBURST   |  out|    2|       m_axi|       m01_axi|       pointer|
|m_axi_m01_axi_AWLOCK    |  out|    2|       m_axi|       m01_axi|       pointer|
|m_axi_m01_axi_AWCACHE   |  out|    4|       m_axi|       m01_axi|       pointer|
|m_axi_m01_axi_AWPROT    |  out|    3|       m_axi|       m01_axi|       pointer|
|m_axi_m01_axi_AWQOS     |  out|    4|       m_axi|       m01_axi|       pointer|
|m_axi_m01_axi_AWREGION  |  out|    4|       m_axi|       m01_axi|       pointer|
|m_axi_m01_axi_AWUSER    |  out|    1|       m_axi|       m01_axi|       pointer|
|m_axi_m01_axi_WVALID    |  out|    1|       m_axi|       m01_axi|       pointer|
|m_axi_m01_axi_WREADY    |   in|    1|       m_axi|       m01_axi|       pointer|
|m_axi_m01_axi_WDATA     |  out|  512|       m_axi|       m01_axi|       pointer|
|m_axi_m01_axi_WSTRB     |  out|   64|       m_axi|       m01_axi|       pointer|
|m_axi_m01_axi_WLAST     |  out|    1|       m_axi|       m01_axi|       pointer|
|m_axi_m01_axi_WID       |  out|    1|       m_axi|       m01_axi|       pointer|
|m_axi_m01_axi_WUSER     |  out|    1|       m_axi|       m01_axi|       pointer|
|m_axi_m01_axi_ARVALID   |  out|    1|       m_axi|       m01_axi|       pointer|
|m_axi_m01_axi_ARREADY   |   in|    1|       m_axi|       m01_axi|       pointer|
|m_axi_m01_axi_ARADDR    |  out|   64|       m_axi|       m01_axi|       pointer|
|m_axi_m01_axi_ARID      |  out|    1|       m_axi|       m01_axi|       pointer|
|m_axi_m01_axi_ARLEN     |  out|    8|       m_axi|       m01_axi|       pointer|
|m_axi_m01_axi_ARSIZE    |  out|    3|       m_axi|       m01_axi|       pointer|
|m_axi_m01_axi_ARBURST   |  out|    2|       m_axi|       m01_axi|       pointer|
|m_axi_m01_axi_ARLOCK    |  out|    2|       m_axi|       m01_axi|       pointer|
|m_axi_m01_axi_ARCACHE   |  out|    4|       m_axi|       m01_axi|       pointer|
|m_axi_m01_axi_ARPROT    |  out|    3|       m_axi|       m01_axi|       pointer|
|m_axi_m01_axi_ARQOS     |  out|    4|       m_axi|       m01_axi|       pointer|
|m_axi_m01_axi_ARREGION  |  out|    4|       m_axi|       m01_axi|       pointer|
|m_axi_m01_axi_ARUSER    |  out|    1|       m_axi|       m01_axi|       pointer|
|m_axi_m01_axi_RVALID    |   in|    1|       m_axi|       m01_axi|       pointer|
|m_axi_m01_axi_RREADY    |  out|    1|       m_axi|       m01_axi|       pointer|
|m_axi_m01_axi_RDATA     |   in|  512|       m_axi|       m01_axi|       pointer|
|m_axi_m01_axi_RLAST     |   in|    1|       m_axi|       m01_axi|       pointer|
|m_axi_m01_axi_RID       |   in|    1|       m_axi|       m01_axi|       pointer|
|m_axi_m01_axi_RUSER     |   in|    1|       m_axi|       m01_axi|       pointer|
|m_axi_m01_axi_RRESP     |   in|    2|       m_axi|       m01_axi|       pointer|
|m_axi_m01_axi_BVALID    |   in|    1|       m_axi|       m01_axi|       pointer|
|m_axi_m01_axi_BREADY    |  out|    1|       m_axi|       m01_axi|       pointer|
|m_axi_m01_axi_BRESP     |   in|    2|       m_axi|       m01_axi|       pointer|
|m_axi_m01_axi_BID       |   in|    1|       m_axi|       m01_axi|       pointer|
|m_axi_m01_axi_BUSER     |   in|    1|       m_axi|       m01_axi|       pointer|
|m_axi_m02_axi_AWVALID   |  out|    1|       m_axi|       m02_axi|       pointer|
|m_axi_m02_axi_AWREADY   |   in|    1|       m_axi|       m02_axi|       pointer|
|m_axi_m02_axi_AWADDR    |  out|   64|       m_axi|       m02_axi|       pointer|
|m_axi_m02_axi_AWID      |  out|    1|       m_axi|       m02_axi|       pointer|
|m_axi_m02_axi_AWLEN     |  out|    8|       m_axi|       m02_axi|       pointer|
|m_axi_m02_axi_AWSIZE    |  out|    3|       m_axi|       m02_axi|       pointer|
|m_axi_m02_axi_AWBURST   |  out|    2|       m_axi|       m02_axi|       pointer|
|m_axi_m02_axi_AWLOCK    |  out|    2|       m_axi|       m02_axi|       pointer|
|m_axi_m02_axi_AWCACHE   |  out|    4|       m_axi|       m02_axi|       pointer|
|m_axi_m02_axi_AWPROT    |  out|    3|       m_axi|       m02_axi|       pointer|
|m_axi_m02_axi_AWQOS     |  out|    4|       m_axi|       m02_axi|       pointer|
|m_axi_m02_axi_AWREGION  |  out|    4|       m_axi|       m02_axi|       pointer|
|m_axi_m02_axi_AWUSER    |  out|    1|       m_axi|       m02_axi|       pointer|
|m_axi_m02_axi_WVALID    |  out|    1|       m_axi|       m02_axi|       pointer|
|m_axi_m02_axi_WREADY    |   in|    1|       m_axi|       m02_axi|       pointer|
|m_axi_m02_axi_WDATA     |  out|  512|       m_axi|       m02_axi|       pointer|
|m_axi_m02_axi_WSTRB     |  out|   64|       m_axi|       m02_axi|       pointer|
|m_axi_m02_axi_WLAST     |  out|    1|       m_axi|       m02_axi|       pointer|
|m_axi_m02_axi_WID       |  out|    1|       m_axi|       m02_axi|       pointer|
|m_axi_m02_axi_WUSER     |  out|    1|       m_axi|       m02_axi|       pointer|
|m_axi_m02_axi_ARVALID   |  out|    1|       m_axi|       m02_axi|       pointer|
|m_axi_m02_axi_ARREADY   |   in|    1|       m_axi|       m02_axi|       pointer|
|m_axi_m02_axi_ARADDR    |  out|   64|       m_axi|       m02_axi|       pointer|
|m_axi_m02_axi_ARID      |  out|    1|       m_axi|       m02_axi|       pointer|
|m_axi_m02_axi_ARLEN     |  out|    8|       m_axi|       m02_axi|       pointer|
|m_axi_m02_axi_ARSIZE    |  out|    3|       m_axi|       m02_axi|       pointer|
|m_axi_m02_axi_ARBURST   |  out|    2|       m_axi|       m02_axi|       pointer|
|m_axi_m02_axi_ARLOCK    |  out|    2|       m_axi|       m02_axi|       pointer|
|m_axi_m02_axi_ARCACHE   |  out|    4|       m_axi|       m02_axi|       pointer|
|m_axi_m02_axi_ARPROT    |  out|    3|       m_axi|       m02_axi|       pointer|
|m_axi_m02_axi_ARQOS     |  out|    4|       m_axi|       m02_axi|       pointer|
|m_axi_m02_axi_ARREGION  |  out|    4|       m_axi|       m02_axi|       pointer|
|m_axi_m02_axi_ARUSER    |  out|    1|       m_axi|       m02_axi|       pointer|
|m_axi_m02_axi_RVALID    |   in|    1|       m_axi|       m02_axi|       pointer|
|m_axi_m02_axi_RREADY    |  out|    1|       m_axi|       m02_axi|       pointer|
|m_axi_m02_axi_RDATA     |   in|  512|       m_axi|       m02_axi|       pointer|
|m_axi_m02_axi_RLAST     |   in|    1|       m_axi|       m02_axi|       pointer|
|m_axi_m02_axi_RID       |   in|    1|       m_axi|       m02_axi|       pointer|
|m_axi_m02_axi_RUSER     |   in|    1|       m_axi|       m02_axi|       pointer|
|m_axi_m02_axi_RRESP     |   in|    2|       m_axi|       m02_axi|       pointer|
|m_axi_m02_axi_BVALID    |   in|    1|       m_axi|       m02_axi|       pointer|
|m_axi_m02_axi_BREADY    |  out|    1|       m_axi|       m02_axi|       pointer|
|m_axi_m02_axi_BRESP     |   in|    2|       m_axi|       m02_axi|       pointer|
|m_axi_m02_axi_BID       |   in|    1|       m_axi|       m02_axi|       pointer|
|m_axi_m02_axi_BUSER     |   in|    1|       m_axi|       m02_axi|       pointer|
+------------------------+-----+-----+------------+--------------+--------------+

