

================================================================
== Vitis HLS Report for 'w4a8_gemm_Pipeline_VITIS_LOOP_106_3'
================================================================
* Date:           Mon Feb 24 00:39:02 2025

* Version:        2022.1.2 (Build 3605665 on Fri Aug  5 22:52:02 MDT 2022)
* Project:        prj
* Solution:       sol (Vitis Kernel Flow Target)
* Product family: zynquplus
* Target device:  xck26-sfvc784-2LV-c


================================================================
== Performance Estimates
================================================================
+ Timing: 
    * Summary: 
    +--------+----------+----------+------------+
    |  Clock |  Target  | Estimated| Uncertainty|
    +--------+----------+----------+------------+
    |ap_clk  |  10.00 ns|  3.490 ns|     2.70 ns|
    +--------+----------+----------+------------+

+ Latency: 
    * Summary: 
    +---------+---------+-----------+-----------+------+------+---------+
    |  Latency (cycles) |   Latency (absolute)  |   Interval  | Pipeline|
    |   min   |   max   |    min    |    max    |  min |  max |   Type  |
    +---------+---------+-----------+-----------+------+------+---------+
    |     4098|     4098|  40.980 us|  40.980 us|  4098|  4098|       no|
    +---------+---------+-----------+-----------+------+------+---------+

    + Detail: 
        * Instance: 
        N/A

        * Loop: 
        +--------------------+---------+---------+----------+-----------+-----------+------+----------+
        |                    |  Latency (cycles) | Iteration|  Initiation Interval  | Trip |          |
        |      Loop Name     |   min   |   max   |  Latency |  achieved |   target  | Count| Pipelined|
        +--------------------+---------+---------+----------+-----------+-----------+------+----------+
        |- VITIS_LOOP_106_3  |     4096|     4096|         2|          1|          1|  4096|       yes|
        +--------------------+---------+---------+----------+-----------+-----------+------+----------+

============================================================
+ Verbose Summary: Synthesis Manager
============================================================
InlineROM: 1
ExposeGlobal: 0
============================================================
+ Verbose Summary: CDFG Model
============================================================
IsTopModel: 0
ResetActiveHigh: 1
IsCombinational: 0
IsDatapathOnly: 0
HasWiredReturn: 1
HasMFsm: 2
HasVarLatency: 1
IsPipeline: 0
IsRtlPipelined: 0
IsInstanceOverlapped: 0
IsDontTouch: 0
HasImplIP: 0
IsGatedGlobalClock: 0

+ Individual pipeline summary: 
  * Pipeline-0: initiation interval (II) = 1, depth = 2


============================================================
+ Verbose Summary: Schedule
============================================================
* Number of FSM states : 2
* Pipeline : 1
  Pipeline-0 : II = 1, D = 2, States = { 1 2 }
* Dataflow Pipeline: 0

* FSM state transitions: 
1 --> 2 
2 --> 

* FSM state operations: 

State 1 <SV = 0> <Delay = 1.43>
ST_1 : Operation 5 [1/1] (0.00ns)   --->   "%i_2 = alloca i32 1"   --->   Operation 5 'alloca' 'i_2' <Predicate = true> <Delay = 0.00>
ST_1 : Operation 6 [1/1] (0.42ns)   --->   "%store_ln0 = store i13 0, i13 %i_2"   --->   Operation 6 'store' 'store_ln0' <Predicate = true> <Delay = 0.42>
ST_1 : Operation 7 [1/1] (0.00ns)   --->   "%br_ln0 = br void %for.inc38"   --->   Operation 7 'br' 'br_ln0' <Predicate = true> <Delay = 0.00>
ST_1 : Operation 8 [1/1] (0.00ns)   --->   "%i = load i13 %i_2" [../w4a8_gemm_cmodel.cpp:106]   --->   Operation 8 'load' 'i' <Predicate = true> <Delay = 0.00>
ST_1 : Operation 9 [1/1] (0.00ns)   --->   "%specpipeline_ln0 = specpipeline void @_ssdm_op_SpecPipeline, i32 4294967295, i32 0, i32 1, i32 0, void @p_str"   --->   Operation 9 'specpipeline' 'specpipeline_ln0' <Predicate = true> <Delay = 0.00>
ST_1 : Operation 10 [1/1] (1.00ns)   --->   "%icmp_ln106 = icmp_eq  i13 %i, i13 4096" [../w4a8_gemm_cmodel.cpp:106]   --->   Operation 10 'icmp' 'icmp_ln106' <Predicate = true> <Delay = 1.00> <CoreInst = "Cmp">   --->   Core 9 'Cmp' <Latency = 0> <II = 1> <Delay = 1.00> <FuncUnit> <Opcode : 'icmp'> <InPorts = 2> <OutPorts = 1>
ST_1 : Operation 11 [1/1] (0.00ns)   --->   "%empty = speclooptripcount i32 @_ssdm_op_SpecLoopTripCount, i64 4096, i64 4096, i64 4096"   --->   Operation 11 'speclooptripcount' 'empty' <Predicate = true> <Delay = 0.00>
ST_1 : Operation 12 [1/1] (0.82ns)   --->   "%add_ln106 = add i13 %i, i13 1" [../w4a8_gemm_cmodel.cpp:106]   --->   Operation 12 'add' 'add_ln106' <Predicate = true> <Delay = 0.82> <CoreInst = "Adder">   --->   Core 1 'Adder' <Latency = 0> <II = 1> <Delay = 0.82> <FuncUnit> <Opcode : 'add' 'sub'> <InPorts = 2> <OutPorts = 1>
ST_1 : Operation 13 [1/1] (0.00ns)   --->   "%br_ln106 = br i1 %icmp_ln106, void %for.inc38.split, void %for.end40.exitStub" [../w4a8_gemm_cmodel.cpp:106]   --->   Operation 13 'br' 'br_ln106' <Predicate = true> <Delay = 0.00>
ST_1 : Operation 14 [1/1] (0.00ns)   --->   "%i_2_cast = zext i13 %i" [../w4a8_gemm_cmodel.cpp:106]   --->   Operation 14 'zext' 'i_2_cast' <Predicate = (!icmp_ln106)> <Delay = 0.00>
ST_1 : Operation 15 [1/1] (0.00ns)   --->   "%m02_axi_input_buffer_addr = getelementptr i32 %m02_axi_input_buffer, i64 0, i64 %i_2_cast" [../w4a8_gemm_cmodel.cpp:107]   --->   Operation 15 'getelementptr' 'm02_axi_input_buffer_addr' <Predicate = (!icmp_ln106)> <Delay = 0.00>
ST_1 : Operation 16 [2/2] (1.23ns)   --->   "%m02_axi_input_buffer_load = load i13 %m02_axi_input_buffer_addr" [../w4a8_gemm_cmodel.cpp:107]   --->   Operation 16 'load' 'm02_axi_input_buffer_load' <Predicate = (!icmp_ln106)> <Delay = 1.23> <CoreInst = "RAM">   --->   Core 83 'RAM' <Latency = 1> <II = 1> <Delay = 1.23> <Storage> <Opcode : 'load' 'store'> <Ports = 2> <Width = 32> <Depth = 8192> <RAM>
ST_1 : Operation 17 [1/1] (0.42ns)   --->   "%store_ln106 = store i13 %add_ln106, i13 %i_2" [../w4a8_gemm_cmodel.cpp:106]   --->   Operation 17 'store' 'store_ln106' <Predicate = (!icmp_ln106)> <Delay = 0.42>
ST_1 : Operation 24 [1/1] (0.00ns)   --->   "%ret_ln0 = ret"   --->   Operation 24 'ret' 'ret_ln0' <Predicate = (icmp_ln106)> <Delay = 0.00>

State 2 <SV = 1> <Delay = 3.49>
ST_2 : Operation 18 [1/1] (0.00ns)   --->   "%specloopname_ln106 = specloopname void @_ssdm_op_SpecLoopName, void @empty_17" [../w4a8_gemm_cmodel.cpp:106]   --->   Operation 18 'specloopname' 'specloopname_ln106' <Predicate = true> <Delay = 0.00>
ST_2 : Operation 19 [1/2] (1.23ns)   --->   "%m02_axi_input_buffer_load = load i13 %m02_axi_input_buffer_addr" [../w4a8_gemm_cmodel.cpp:107]   --->   Operation 19 'load' 'm02_axi_input_buffer_load' <Predicate = true> <Delay = 1.23> <CoreInst = "RAM">   --->   Core 83 'RAM' <Latency = 1> <II = 1> <Delay = 1.23> <Storage> <Opcode : 'load' 'store'> <Ports = 2> <Width = 32> <Depth = 8192> <RAM>
ST_2 : Operation 20 [1/1] (1.01ns)   --->   "%add_ln107 = add i32 %m02_axi_input_buffer_load, i32 1" [../w4a8_gemm_cmodel.cpp:107]   --->   Operation 20 'add' 'add_ln107' <Predicate = true> <Delay = 1.01> <CoreInst = "Adder">   --->   Core 1 'Adder' <Latency = 0> <II = 1> <Delay = 1.01> <FuncUnit> <Opcode : 'add' 'sub'> <InPorts = 2> <OutPorts = 1>
ST_2 : Operation 21 [1/1] (0.00ns)   --->   "%m02_axi_output_buffer_addr = getelementptr i32 %m02_axi_output_buffer, i64 0, i64 %i_2_cast" [../w4a8_gemm_cmodel.cpp:107]   --->   Operation 21 'getelementptr' 'm02_axi_output_buffer_addr' <Predicate = true> <Delay = 0.00>
ST_2 : Operation 22 [1/1] (1.23ns)   --->   "%store_ln107 = store i32 %add_ln107, i13 %m02_axi_output_buffer_addr" [../w4a8_gemm_cmodel.cpp:107]   --->   Operation 22 'store' 'store_ln107' <Predicate = true> <Delay = 1.23> <CoreInst = "RAM">   --->   Core 83 'RAM' <Latency = 1> <II = 1> <Delay = 1.23> <Storage> <Opcode : 'load' 'store'> <Ports = 2> <Width = 32> <Depth = 8192> <RAM>
ST_2 : Operation 23 [1/1] (0.00ns)   --->   "%br_ln106 = br void %for.inc38" [../w4a8_gemm_cmodel.cpp:106]   --->   Operation 23 'br' 'br_ln106' <Predicate = true> <Delay = 0.00>


============================================================
+ Verbose Summary: Timing violations
============================================================
Target clock period: 10ns, clock uncertainty: 2.7ns.

 <State 1>: 1.43ns
The critical path consists of the following:
	'alloca' operation ('i') [3]  (0 ns)
	'load' operation ('i', ../w4a8_gemm_cmodel.cpp:106) on local variable 'i' [7]  (0 ns)
	'add' operation ('add_ln106', ../w4a8_gemm_cmodel.cpp:106) [11]  (0.82 ns)
	'store' operation ('store_ln106', ../w4a8_gemm_cmodel.cpp:106) of variable 'add_ln106', ../w4a8_gemm_cmodel.cpp:106 on local variable 'i' [21]  (0.427 ns)
	blocking operation 0.187 ns on control path)

 <State 2>: 3.49ns
The critical path consists of the following:
	'load' operation ('m02_axi_input_buffer_load', ../w4a8_gemm_cmodel.cpp:107) on array 'm02_axi_input_buffer' [17]  (1.24 ns)
	'add' operation ('add_ln107', ../w4a8_gemm_cmodel.cpp:107) [18]  (1.02 ns)
	'store' operation ('store_ln107', ../w4a8_gemm_cmodel.cpp:107) of variable 'add_ln107', ../w4a8_gemm_cmodel.cpp:107 on array 'm02_axi_output_buffer' [20]  (1.24 ns)


============================================================
+ Verbose Summary: Binding
============================================================
N/A
* FSMD analyzer results:
  - Output states:
 - Input state : 
  - Chain level:
	State 1
	State 2


============================================================
+ Verbose Summary: Datapath Resource usage 
============================================================
N/A
