Copyright 1986-2022 Xilinx, Inc. All Rights Reserved.
---------------------------------------------------------------------------------------------
| Tool Version : Vivado v.2022.2 (win64) Build 3671981 Fri Oct 14 05:00:03 MDT 2022
| Date         : Fri Mar  7 12:20:22 2025
| Host         : hutong running 64-bit major release  (build 9200)
| Command      : report_control_sets -verbose -file design_1_wrapper_control_sets_placed.rpt
| Design       : design_1_wrapper
| Device       : xck26
---------------------------------------------------------------------------------------------

Control Set Information

Table of Contents
-----------------
1. Summary
2. Histogram
3. Flip-Flop Distribution
4. Detailed Control Set Information

1. Summary
----------

+----------------------------------------------------------+-------+
|                          Status                          | Count |
+----------------------------------------------------------+-------+
| Total control sets                                       |    39 |
|    Minimum number of control sets                        |    39 |
|    Addition due to synthesis replication                 |     0 |
|    Addition due to physical synthesis replication        |     0 |
| Unused register locations in slices containing registers |    67 |
+----------------------------------------------------------+-------+
* Control sets can be merged at opt_design using control_set_merge or merge_equivalent_drivers
** Run report_qor_suggestions for automated merging and remapping suggestions


2. Histogram
------------

+--------------------+-------+
|       Fanout       | Count |
+--------------------+-------+
| Total control sets |    39 |
| >= 0 to < 4        |     7 |
| >= 4 to < 6        |     7 |
| >= 6 to < 8        |     2 |
| >= 8 to < 10       |     6 |
| >= 10 to < 12      |     2 |
| >= 12 to < 14      |     0 |
| >= 14 to < 16      |     0 |
| >= 16              |    15 |
+--------------------+-------+
* Control sets can be remapped at either synth_design or opt_design


3. Flip-Flop Distribution
-------------------------

+--------------+-----------------------+------------------------+-----------------+--------------+
| Clock Enable | Synchronous Set/Reset | Asynchronous Set/Reset | Total Registers | Total Slices |
+--------------+-----------------------+------------------------+-----------------+--------------+
| No           | No                    | No                     |             127 |           39 |
| No           | No                    | Yes                    |               0 |            0 |
| No           | Yes                   | No                     |              48 |           17 |
| Yes          | No                    | No                     |             360 |           54 |
| Yes          | No                    | Yes                    |               0 |            0 |
| Yes          | Yes                   | No                     |              62 |           19 |
+--------------+-----------------------+------------------------+-----------------+--------------+


4. Detailed Control Set Information
-----------------------------------

+-------------------------------------+-----------------------------------------------------------------------------------------------------------------------------------------------------+------------------------------------------------------------------------------------------------------------------------------------+------------------+----------------+--------------+
|             Clock Signal            |                                                                    Enable Signal                                                                    |                                                          Set/Reset Signal                                                          | Slice Load Count | Bel Load Count | Bels / Slice |
+-------------------------------------+-----------------------------------------------------------------------------------------------------------------------------------------------------+------------------------------------------------------------------------------------------------------------------------------------+------------------+----------------+--------------+
|  design_1_i/clk_wiz_0/inst/clk_out2 | design_1_i/ps8_0_axi_periph/s00_couplers/auto_pc/inst/gen_axilite.gen_b2s_conv.axilite_b2s/WR.b_channel_0/bid_fifo_0/bresp_push                     |                                                                                                                                    |                1 |              1 |         1.00 |
|  design_1_i/clk_wiz_0/inst/clk_out2 | design_1_i/ps8_0_axi_periph/s00_couplers/auto_pc/inst/gen_axilite.gen_b2s_conv.axilite_b2s/WR.b_channel_0/bresp_fifo_0/E[0]                         | design_1_i/ps8_0_axi_periph/s00_couplers/auto_pc/inst/gen_axilite.gen_b2s_conv.axilite_b2s/WR.b_channel_0/bid_fifo_0/SR[0]         |                1 |              1 |         1.00 |
|  design_1_i/clk_wiz_0/inst/clk_out2 |                                                                                                                                                     | design_1_i/axi_intc_0/U0/INTC_CORE_I/REG_GEN[0].ier[0]_i_1_n_0                                                                     |                1 |              2 |         2.00 |
|  design_1_i/clk_wiz_0/inst/clk_out2 | design_1_i/axi_intc_0/U0/AXI_LITE_IPIF_I/I_SLAVE_ATTACHMENT/is_read_i_1_n_0                                                                         | design_1_i/axi_intc_0/U0/AXI_LITE_IPIF_I/I_SLAVE_ATTACHMENT/rst                                                                    |                1 |              2 |         2.00 |
|  design_1_i/clk_wiz_0/inst/clk_out2 | design_1_i/ps8_0_axi_periph/s00_couplers/auto_pc/inst/gen_axilite.gen_b2s_conv.axilite_b2s/WR.b_channel_0/bid_fifo_0/cnt_read[1]_i_1_n_0            | design_1_i/ps8_0_axi_periph/s00_couplers/auto_pc/inst/gen_axilite.gen_b2s_conv.axilite_b2s/areset_d1                               |                1 |              2 |         2.00 |
|  design_1_i/clk_wiz_0/inst/clk_out2 | design_1_i/ps8_0_axi_periph/s00_couplers/auto_pc/inst/gen_axilite.gen_b2s_conv.axilite_b2s/WR.b_channel_0/bid_fifo_0/E[0]                           | design_1_i/ps8_0_axi_periph/s00_couplers/auto_pc/inst/gen_axilite.gen_b2s_conv.axilite_b2s/areset_d1                               |                1 |              2 |         2.00 |
|  design_1_i/clk_wiz_0/inst/clk_out2 |                                                                                                                                                     | design_1_i/axi_intc_0/U0/INTC_CORE_I/REG_GEN[0].IAR_NORMAL_MODE_GEN.iar[0]_i_1_n_0                                                 |                3 |              3 |         1.00 |
|  design_1_i/clk_wiz_0/inst/clk_out2 |                                                                                                                                                     | design_1_i/axi_intc_0/U0/AXI_LITE_IPIF_I/I_SLAVE_ATTACHMENT/clear                                                                  |                2 |              4 |         2.00 |
|  design_1_i/clk_wiz_0/inst/clk_out2 |                                                                                                                                                     | design_1_i/ps8_0_axi_periph/s00_couplers/auto_pc/inst/gen_axilite.gen_b2s_conv.axilite_b2s/SI_REG/aw.aw_pipe/aresetn_d_reg[0]_1    |                1 |              4 |         4.00 |
|  design_1_i/clk_wiz_0/inst/clk_out2 |                                                                                                                                                     | design_1_i/ps8_0_axi_periph/s00_couplers/auto_pc/inst/gen_axilite.gen_b2s_conv.axilite_b2s/SI_REG/ar.ar_pipe/aresetn_d_reg_n_0_[1] |                1 |              4 |         4.00 |
|  design_1_i/clk_wiz_0/inst/clk_out2 |                                                                                                                                                     | design_1_i/proc_sys_reset_1/U0/EXT_LPF/lpf_int                                                                                     |                2 |              4 |         2.00 |
|  design_1_i/clk_wiz_0/inst/clk_out2 | design_1_i/axi_intc_0/U0/AXI_LITE_IPIF_I/I_SLAVE_ATTACHMENT/s_axi_rresp_i                                                                           | design_1_i/axi_intc_0/U0/AXI_LITE_IPIF_I/I_SLAVE_ATTACHMENT/rst                                                                    |                2 |              4 |         2.00 |
|  design_1_i/clk_wiz_0/inst/clk_out2 | design_1_i/ps8_0_axi_periph/s00_couplers/auto_pc/inst/gen_axilite.gen_b2s_conv.axilite_b2s/RD.r_channel_0/transaction_fifo_0/cnt_read[4]_i_1__0_n_0 | design_1_i/ps8_0_axi_periph/s00_couplers/auto_pc/inst/gen_axilite.gen_b2s_conv.axilite_b2s/areset_d1                               |                2 |              5 |         2.50 |
|  design_1_i/clk_wiz_0/inst/clk_out2 | design_1_i/ps8_0_axi_periph/s00_couplers/auto_pc/inst/gen_axilite.gen_b2s_conv.axilite_b2s/RD.r_channel_0/rd_data_fifo_0/cnt_read[4]_i_1_n_0        | design_1_i/ps8_0_axi_periph/s00_couplers/auto_pc/inst/gen_axilite.gen_b2s_conv.axilite_b2s/areset_d1                               |                1 |              5 |         5.00 |
|  design_1_i/clk_wiz_0/inst/clk_out2 | design_1_i/proc_sys_reset_1/U0/SEQ/seq_cnt_en                                                                                                       | design_1_i/proc_sys_reset_1/U0/SEQ/seq_clr                                                                                         |                3 |              6 |         2.00 |
|  design_1_i/clk_wiz_0/inst/clk_out2 |                                                                                                                                                     | design_1_i/ps8_0_axi_periph/s00_couplers/auto_pc/inst/gen_axilite.gen_b2s_conv.axilite_b2s/areset_d1                               |                3 |              6 |         2.00 |
|  design_1_i/clk_wiz_0/inst/clk_out2 | design_1_i/axi_intc_0/U0/AXI_LITE_IPIF_I/I_SLAVE_ATTACHMENT/bus2ip_addr_i[8]_i_1_n_0                                                                | design_1_i/axi_intc_0/U0/AXI_LITE_IPIF_I/I_SLAVE_ATTACHMENT/rst                                                                    |                2 |              8 |         4.00 |
|  design_1_i/clk_wiz_0/inst/clk_out2 | design_1_i/ps8_0_axi_periph/s00_couplers/auto_pc/inst/gen_axilite.gen_b2s_conv.axilite_b2s/WR.b_channel_0/mhandshake_r                              | design_1_i/ps8_0_axi_periph/s00_couplers/auto_pc/inst/gen_axilite.gen_b2s_conv.axilite_b2s/WR.b_channel_0/bid_fifo_0/SR[0]         |                2 |              8 |         4.00 |
|  design_1_i/clk_wiz_0/inst/clk_out2 | design_1_i/ps8_0_axi_periph/s00_couplers/auto_pc/inst/gen_axilite.gen_b2s_conv.axilite_b2s/RD.ar_channel_0/ar_cmd_fsm_0/E[0]                        |                                                                                                                                    |                5 |              9 |         1.80 |
|  design_1_i/clk_wiz_0/inst/clk_out2 | design_1_i/ps8_0_axi_periph/s00_couplers/auto_pc/inst/gen_axilite.gen_b2s_conv.axilite_b2s/RD.ar_channel_0/ar_cmd_fsm_0/sel_first_reg[0]            |                                                                                                                                    |                4 |              9 |         2.25 |
|  design_1_i/clk_wiz_0/inst/clk_out2 | design_1_i/ps8_0_axi_periph/s00_couplers/auto_pc/inst/gen_axilite.gen_b2s_conv.axilite_b2s/WR.aw_channel_0/aw_cmd_fsm_0/sel_first_reg_1[0]          |                                                                                                                                    |                4 |              9 |         2.25 |
|  design_1_i/clk_wiz_0/inst/clk_out2 | design_1_i/ps8_0_axi_periph/s00_couplers/auto_pc/inst/gen_axilite.gen_b2s_conv.axilite_b2s/WR.aw_channel_0/aw_cmd_fsm_0/E[0]                        |                                                                                                                                    |                6 |              9 |         1.50 |
|  design_1_i/clk_wiz_0/inst/clk_out2 |                                                                                                                                                     | design_1_i/axi_intc_0/U0/AXI_LITE_IPIF_I/I_SLAVE_ATTACHMENT/rst                                                                    |                2 |             10 |         5.00 |
|  design_1_i/clk_wiz_0/inst/clk_out2 |                                                                                                                                                     | design_1_i/proc_sys_reset_1/U0/peripheral_aresetn[0]                                                                               |                5 |             11 |         2.20 |
|  design_1_i/clk_wiz_0/inst/clk_out2 | design_1_i/ps8_0_axi_periph/s00_couplers/auto_pc/inst/gen_axilite.gen_b2s_conv.axilite_b2s/SI_REG/b.b_pipe/s_ready_i_reg_0                          |                                                                                                                                    |                3 |             17 |         5.67 |
|  design_1_i/clk_wiz_0/inst/clk_out2 | design_1_i/ps8_0_axi_periph/s00_couplers/auto_pc/inst/gen_axilite.gen_b2s_conv.axilite_b2s/SI_REG/b.b_pipe/p_1_in                                   |                                                                                                                                    |                3 |             17 |         5.67 |
|  design_1_i/clk_wiz_0/inst/clk_out2 | design_1_i/ps8_0_axi_periph/s00_couplers/auto_pc/inst/gen_axilite.gen_b2s_conv.axilite_b2s/RD.r_channel_0/r_push_r                                  |                                                                                                                                    |                4 |             17 |         4.25 |
|  design_1_i/clk_wiz_0/inst/clk_out2 | design_1_i/axi_intc_0/U0/AXI_LITE_IPIF_I/I_SLAVE_ATTACHMENT/start2                                                                                  | design_1_i/axi_intc_0/U0/AXI_LITE_IPIF_I/I_SLAVE_ATTACHMENT/I_DECODER/cs_ce_clr                                                    |                4 |             19 |         4.75 |
|  design_1_i/clk_wiz_0/inst/clk_out2 | design_1_i/ps8_0_axi_periph/s00_couplers/auto_pc/inst/gen_axilite.gen_b2s_conv.axilite_b2s/WR.aw_channel_0/aw_cmd_fsm_0/m_valid_i_reg[0]            |                                                                                                                                    |                9 |             21 |         2.33 |
|  design_1_i/clk_wiz_0/inst/clk_out2 | design_1_i/ps8_0_axi_periph/s00_couplers/auto_pc/inst/gen_axilite.gen_b2s_conv.axilite_b2s/RD.ar_channel_0/ar_cmd_fsm_0/m_valid_i_reg[0]            |                                                                                                                                    |                9 |             21 |         2.33 |
|  design_1_i/clk_wiz_0/inst/clk_out2 | design_1_i/ps8_0_axi_periph/s00_couplers/auto_pc/inst/gen_axilite.gen_b2s_conv.axilite_b2s/WR.aw_channel_0/aw_cmd_fsm_0/cnt_read_reg[0]             |                                                                                                                                    |                2 |             24 |        12.00 |
|  design_1_i/clk_wiz_0/inst/clk_out2 | design_1_i/ps8_0_axi_periph/s00_couplers/auto_pc/inst/gen_axilite.gen_b2s_conv.axilite_b2s/RD.r_channel_0/rd_data_fifo_0/wr_en0                     |                                                                                                                                    |                5 |             33 |         6.60 |
|  design_1_i/clk_wiz_0/inst/clk_out2 | design_1_i/ps8_0_axi_periph/s00_couplers/auto_pc/inst/gen_axilite.gen_b2s_conv.axilite_b2s/SI_REG/aw.aw_pipe/s_ready_i_reg_0                        |                                                                                                                                    |                9 |             37 |         4.11 |
|  design_1_i/clk_wiz_0/inst/clk_out2 | design_1_i/ps8_0_axi_periph/s00_couplers/auto_pc/inst/gen_axilite.gen_b2s_conv.axilite_b2s/RD.ar_channel_0/ar_cmd_fsm_0/m_valid_i_reg_0[0]          |                                                                                                                                    |               11 |             37 |         3.36 |
|  design_1_i/clk_wiz_0/inst/clk_out2 | design_1_i/ps8_0_axi_periph/s00_couplers/auto_pc/inst/gen_axilite.gen_b2s_conv.axilite_b2s/SI_REG/ar.ar_pipe/s_ready_i_reg_0                        |                                                                                                                                    |               11 |             37 |         3.36 |
|  design_1_i/clk_wiz_0/inst/clk_out2 | design_1_i/ps8_0_axi_periph/s00_couplers/auto_pc/inst/gen_axilite.gen_b2s_conv.axilite_b2s/WR.aw_channel_0/aw_cmd_fsm_0/m_valid_i_reg_0[0]          |                                                                                                                                    |                9 |             37 |         4.11 |
|  design_1_i/clk_wiz_0/inst/clk_out2 | design_1_i/ps8_0_axi_periph/s00_couplers/auto_pc/inst/gen_axilite.gen_b2s_conv.axilite_b2s/SI_REG/r.r_pipe/si_rs_rready                             |                                                                                                                                    |                8 |             50 |         6.25 |
|  design_1_i/clk_wiz_0/inst/clk_out2 | design_1_i/ps8_0_axi_periph/s00_couplers/auto_pc/inst/gen_axilite.gen_b2s_conv.axilite_b2s/SI_REG/r.r_pipe/p_1_in                                   |                                                                                                                                    |                8 |             50 |         6.25 |
|  design_1_i/clk_wiz_0/inst/clk_out2 |                                                                                                                                                     |                                                                                                                                    |               40 |            128 |         3.20 |
+-------------------------------------+-----------------------------------------------------------------------------------------------------------------------------------------------------+------------------------------------------------------------------------------------------------------------------------------------+------------------+----------------+--------------+


