Copyright 1986-2022 Xilinx, Inc. All Rights Reserved. Copyright 2022-2023 Advanced Micro Devices, Inc. All Rights Reserved.
---------------------------------------------------------------------------------------------------------------------------------------------
| Tool Version : Vivado v.2023.2 (win64) Build 4029153 Fri Oct 13 20:14:34 MDT 2023
| Date         : Mon Mar 24 15:36:38 2025
| Host         : DESKTOP-66QCD9K running 64-bit major release  (build 9200)
| Command      : upgrade_ip
| Device       : xck26-sfvc784-2LV-c
---------------------------------------------------------------------------------------------------------------------------------------------

Upgrade Log for IP 'accelerate_gemv_float_q8_0_0'

1. Summary
----------

SUCCESS in the upgrade of accelerate_gemv_float_q8_0_0 (xilinx.com:user:gemv_float_q8:1.0) from (Rev. 11) to (Rev. 12)






Copyright 1986-2022 Xilinx, Inc. All Rights Reserved. Copyright 2022-2023 Advanced Micro Devices, Inc. All Rights Reserved.
---------------------------------------------------------------------------------------------------------------------------------------------
| Tool Version : Vivado v.2023.2 (win64) Build 4029153 Fri Oct 13 20:14:34 MDT 2023
| Date         : Fri Mar 21 15:51:02 2025
| Host         : DESKTOP-66QCD9K running 64-bit major release  (build 9200)
| Command      : upgrade_ip
| Device       : xck26-sfvc784-2LV-c
---------------------------------------------------------------------------------------------------------------------------------------------

Upgrade Log for IP 'accelerate_gemv_float_q8_0_0'

1. Summary
----------

SUCCESS in the upgrade of accelerate_gemv_float_q8_0_0 (xilinx.com:user:gemv_float_q8:1.0) from (Rev. 10) to (Rev. 11)






Copyright 1986-2022 Xilinx, Inc. All Rights Reserved. Copyright 2022-2023 Advanced Micro Devices, Inc. All Rights Reserved.
---------------------------------------------------------------------------------------------------------------------------------------------
| Tool Version : Vivado v.2023.2 (win64) Build 4029153 Fri Oct 13 20:14:34 MDT 2023
| Date         : Fri Mar 21 12:21:49 2025
| Host         : DESKTOP-66QCD9K running 64-bit major release  (build 9200)
| Command      : upgrade_ip
| Device       : xck26-sfvc784-2LV-c
---------------------------------------------------------------------------------------------------------------------------------------------

Upgrade Log for IP 'accelerate_gemv_float_q8_0_0'

1. Summary
----------

SUCCESS in the upgrade of accelerate_gemv_float_q8_0_0 (xilinx.com:user:gemv_float_q8:1.0) from (Rev. 9) to (Rev. 10)






Copyright 1986-2022 Xilinx, Inc. All Rights Reserved. Copyright 2022-2023 Advanced Micro Devices, Inc. All Rights Reserved.
---------------------------------------------------------------------------------------------------------------------------------------------
| Tool Version : Vivado v.2023.2 (win64) Build 4029153 Fri Oct 13 20:14:34 MDT 2023
| Date         : Fri Mar 21 02:16:40 2025
| Host         : DESKTOP-66QCD9K running 64-bit major release  (build 9200)
| Command      : upgrade_ip
| Device       : xck26-sfvc784-2LV-c
---------------------------------------------------------------------------------------------------------------------------------------------

Upgrade Log for IP 'accelerate_gemv_float_q8_0_0'

1. Summary
----------

SUCCESS in the upgrade of accelerate_gemv_float_q8_0_0 (xilinx.com:user:gemv_float_q8:1.0) from (Rev. 8) to (Rev. 9)






Copyright 1986-2022 Xilinx, Inc. All Rights Reserved. Copyright 2022-2023 Advanced Micro Devices, Inc. All Rights Reserved.
---------------------------------------------------------------------------------------------------------------------------------------------
| Tool Version : Vivado v.2023.2 (win64) Build 4029153 Fri Oct 13 20:14:34 MDT 2023
| Date         : Fri Mar 21 02:04:18 2025
| Host         : DESKTOP-66QCD9K running 64-bit major release  (build 9200)
| Command      : upgrade_ip
| Device       : xck26-sfvc784-2LV-c
---------------------------------------------------------------------------------------------------------------------------------------------

Upgrade Log for IP 'accelerate_gemv_float_q8_0_0'

1. Summary
----------

SUCCESS in the upgrade of accelerate_gemv_float_q8_0_0 (xilinx.com:user:gemv_float_q8:1.0) from (Rev. 7) to (Rev. 8)






Copyright 1986-2022 Xilinx, Inc. All Rights Reserved. Copyright 2022-2023 Advanced Micro Devices, Inc. All Rights Reserved.
---------------------------------------------------------------------------------------------------------------------------------------------
| Tool Version : Vivado v.2023.2 (win64) Build 4029153 Fri Oct 13 20:14:34 MDT 2023
| Date         : Thu Mar 20 23:29:59 2025
| Host         : DESKTOP-66QCD9K running 64-bit major release  (build 9200)
| Command      : upgrade_ip
| Device       : xck26-sfvc784-2LV-c
---------------------------------------------------------------------------------------------------------------------------------------------

Upgrade Log for IP 'accelerate_gemv_float_q8_0_0'

1. Summary
----------

SUCCESS in the upgrade of accelerate_gemv_float_q8_0_0 (xilinx.com:user:gemv_float_q8:1.0) from (Rev. 4) to (Rev. 7)






Copyright 1986-2022 Xilinx, Inc. All Rights Reserved. Copyright 2022-2023 Advanced Micro Devices, Inc. All Rights Reserved.
---------------------------------------------------------------------------------------------------------------------------------------------
| Tool Version : Vivado v.2023.2 (win64) Build 4029153 Fri Oct 13 20:14:34 MDT 2023
| Date         : Thu Mar 20 22:25:27 2025
| Host         : DESKTOP-66QCD9K running 64-bit major release  (build 9200)
| Command      : upgrade_ip
| Device       : xck26-sfvc784-2LV-c
---------------------------------------------------------------------------------------------------------------------------------------------

Upgrade Log for IP 'accelerate_gemv_float_q8_0_0'

1. Summary
----------

SUCCESS in the upgrade of accelerate_gemv_float_q8_0_0 (xilinx.com:user:gemv_float_q8:1.0) from (Rev. 3) to (Rev. 4)

