2025-03-24 23:44:43.799 | TRACE    | agent.agent0:invoke:33 - {"l_input":0.15,"l_other":1}
2025-03-24 23:44:43.799 | INFO     | __main__:design_agent_process:41 - 所有电路关键参数初始化设计完成!
2025-03-24 23:44:43.799 | INFO     | agent.utils:wrapper:164 - 函数 'design_agent_process' 的运行时间: 48.5460 秒
2025-03-24 23:45:15.140 | TRACE    | agent.agent1:calculate_k:66 - 计算k: 200.0/0.42/10 = 47.61904761904762
2025-03-24 23:45:27.117 | TRACE    | agent.agent1:calculate_W:72 - 计算W: 200/0.15 = 1333.3333333333335, 200/1 = 200.0
2025-03-24 23:45:27.118 | INFO     | agent.utils:wrapper:164 - 函数 'calculation_agent_process' 的运行时间: 43.3185 秒
2025-03-24 23:45:27.118 | TRACE    | __main__:simulation_agent_process:81 - 当前电路网表: .subckt AMP Vinp Vinn VDD VSS Vout
XM1 net2 Vinp net3 VSS sky130_fd_pr__nfet_01v8 L=0.15 W=13.333333333333336 m=100
XM2 net1 Vinn net3 VSS sky130_fd_pr__nfet_01v8 L=0.15 W=13.333333333333336 m=100
XM9 net3 vbn1 VSS VSS sky130_fd_pr__nfet_01v8 L=1 W=20.0 m=10
XM3 net4 vbn2 net2 VSS sky130_fd_pr__nfet_01v8 L=1 W=20.0 m=10
XM4 Vout vbn2 net1 VSS sky130_fd_pr__nfet_01v8 L=1 W=20.0 m=10
XM5 net4 vbp net6 VDD sky130_fd_pr__pfet_01v8_lvt L=1 W=20.0 m=10
XM6 Vout vbp net5 VDD sky130_fd_pr__pfet_01v8_lvt L=1 W=20.0 m=10
XM7 net6 net4 VDD VDD sky130_fd_pr__pfet_01v8_lvt L=1 W=20.0 m=10
XM8 net5 net4 VDD VDD sky130_fd_pr__pfet_01v8_lvt L=1 W=20.0 m=10
XB1 1 1 VDD VDD sky130_fd_pr__pfet_01v8_lvt L=1 W=20.0 m=10
XB2 2 1 VDD VDD sky130_fd_pr__pfet_01v8_lvt L=1 W=20.0 m=10
XB4 vbn2 1 VDD VDD sky130_fd_pr__pfet_01v8_lvt L=1 W=20.0 m=10
XB3 2 2 VSS VSS sky130_fd_pr__nfet_01v8 L=1 W=0.41999160016799664 m=1
XB9 3 vbn1 VSS VSS sky130_fd_pr__nfet_01v8 L=1 W=4.199916001679966 m=1
XB10 4 vbn1 VSS VSS sky130_fd_pr__nfet_01v8 L=1 W=4.199916001679966 m=1
XB5 vbp vbp VDD VDD sky130_fd_pr__pfet_01v8_lvt L=1 W=0.41999160016799664 m=1
XB6 vbn2 vbn2 vbn1 vbn1 sky130_fd_pr__nfet_01v8 L=1 W=4.199916001679966 m=1
XB7 vbn1 2 3 VSS sky130_fd_pr__nfet_01v8 L=1 W=4.199916001679966 m=1
XB8 vbp 2 4 VSS sky130_fd_pr__nfet_01v8 L=1 W=4.199916001679966 m=1
I1 1 VSS 10.0u
.ends AMP

2025-03-24 23:45:32.635 | INFO     | __main__:simulation_agent_process:113 - 当前仿真结果: {'Gain': 57.8549, 'GBW': 296.732, 'PM': 19.1782, 'i(vmeas)': 650.8074, 'sr': 406.0914}
2025-03-24 23:45:32.635 | INFO     | __main__:simulation_agent_process:128 - 仿真结果不满足要求，继续迭代
2025-03-24 23:45:32.635 | INFO     | agent.utils:wrapper:164 - 函数 'simulation_agent_process' 的运行时间: 5.5174 秒
2025-03-24 23:45:45.953 | TRACE    | agent.agent2:revise_param:52 - 增益过小,增大L
2025-03-24 23:45:45.953 | TRACE    | agent.agent2:revise_param:55 - PM过小,减小WL_max
2025-03-24 23:45:45.954 | INFO     | __main__:revision_agent_process:138 - 电路参数修正完成!
2025-03-24 23:45:45.954 | INFO     | agent.utils:wrapper:164 - 函数 'revision_agent_process' 的运行时间: 13.3184 秒
2025-03-24 23:46:02.235 | TRACE    | agent.agent1:calculate_k:66 - 计算k: 100.0/0.42/10 = 23.80952380952381
2025-03-24 23:46:14.185 | TRACE    | agent.agent1:calculate_W:72 - 计算W: 100/0.25 = 400.0, 100/1 = 100.0
2025-03-24 23:46:14.185 | INFO     | agent.utils:wrapper:164 - 函数 'calculation_agent_process' 的运行时间: 28.2317 秒
2025-03-24 23:46:14.186 | TRACE    | __main__:simulation_agent_process:81 - 当前电路网表: .subckt AMP Vinp Vinn VDD VSS Vout
XM1 net2 Vinp net3 VSS sky130_fd_pr__nfet_01v8 L=0.25 W=40.0 m=10
XM2 net1 Vinn net3 VSS sky130_fd_pr__nfet_01v8 L=0.25 W=40.0 m=10
XM9 net3 vbn1 VSS VSS sky130_fd_pr__nfet_01v8 L=1 W=100.0 m=1
XM3 net4 vbn2 net2 VSS sky130_fd_pr__nfet_01v8 L=1 W=100.0 m=1
XM4 Vout vbn2 net1 VSS sky130_fd_pr__nfet_01v8 L=1 W=100.0 m=1
XM5 net4 vbp net6 VDD sky130_fd_pr__pfet_01v8_lvt L=1 W=100.0 m=1
XM6 Vout vbp net5 VDD sky130_fd_pr__pfet_01v8_lvt L=1 W=100.0 m=1
XM7 net6 net4 VDD VDD sky130_fd_pr__pfet_01v8_lvt L=1 W=100.0 m=1
XM8 net5 net4 VDD VDD sky130_fd_pr__pfet_01v8_lvt L=1 W=100.0 m=1
XB1 1 1 VDD VDD sky130_fd_pr__pfet_01v8_lvt L=1 W=100.0 m=1
XB2 2 1 VDD VDD sky130_fd_pr__pfet_01v8_lvt L=1 W=100.0 m=1
XB4 vbn2 1 VDD VDD sky130_fd_pr__pfet_01v8_lvt L=1 W=100.0 m=1
XB3 2 2 VSS VSS sky130_fd_pr__nfet_01v8 L=1 W=0.41999160016799664 m=1
XB9 3 vbn1 VSS VSS sky130_fd_pr__nfet_01v8 L=1 W=4.199916001679966 m=1
XB10 4 vbn1 VSS VSS sky130_fd_pr__nfet_01v8 L=1 W=4.199916001679966 m=1
XB5 vbp vbp VDD VDD sky130_fd_pr__pfet_01v8_lvt L=1 W=0.41999160016799664 m=1
XB6 vbn2 vbn2 vbn1 vbn1 sky130_fd_pr__nfet_01v8 L=1 W=4.199916001679966 m=1
XB7 vbn1 2 3 VSS sky130_fd_pr__nfet_01v8 L=1 W=4.199916001679966 m=1
XB8 vbp 2 4 VSS sky130_fd_pr__nfet_01v8 L=1 W=4.199916001679966 m=1
I1 1 VSS 10.0u
.ends AMP

2025-03-24 23:46:19.567 | INFO     | __main__:simulation_agent_process:113 - 当前仿真结果: {'Gain': 59.9045, 'GBW': 217.339, 'PM': 36.3645, 'i(vmeas)': 366.7427, 'sr': 262.5821}
2025-03-24 23:46:19.567 | INFO     | __main__:simulation_agent_process:128 - 仿真结果不满足要求，继续迭代
2025-03-24 23:46:19.567 | INFO     | agent.utils:wrapper:164 - 函数 'simulation_agent_process' 的运行时间: 5.3816 秒
2025-03-24 23:46:32.750 | TRACE    | agent.agent2:revise_param:52 - 增益过小,增大L
2025-03-24 23:46:32.750 | TRACE    | agent.agent2:revise_param:55 - PM过小,减小WL_max
2025-03-24 23:46:32.751 | INFO     | __main__:revision_agent_process:138 - 电路参数修正完成!
2025-03-24 23:46:32.751 | INFO     | agent.utils:wrapper:164 - 函数 'revision_agent_process' 的运行时间: 13.1833 秒
2025-03-24 23:46:48.820 | TRACE    | agent.agent1:calculate_k:66 - 计算k: 50.0/0.42/10 = 11.904761904761905
2025-03-24 23:46:49.539 | TRACE    | agent.agent1:calculate_W:72 - 计算W: 50/0.35 = 142.85714285714286, 50/1 = 50.0
2025-03-24 23:46:49.539 | INFO     | agent.utils:wrapper:164 - 函数 'calculation_agent_process' 的运行时间: 16.7884 秒
2025-03-24 23:46:49.539 | TRACE    | __main__:simulation_agent_process:81 - 当前电路网表: .subckt AMP Vinp Vinn VDD VSS Vout
XM1 net2 Vinp net3 VSS sky130_fd_pr__nfet_01v8 L=0.35 W=14.285714285714286 m=10
XM2 net1 Vinn net3 VSS sky130_fd_pr__nfet_01v8 L=0.35 W=14.285714285714286 m=10
XM9 net3 vbn1 VSS VSS sky130_fd_pr__nfet_01v8 L=1 W=50.0 m=1
XM3 net4 vbn2 net2 VSS sky130_fd_pr__nfet_01v8 L=1 W=50.0 m=1
XM4 Vout vbn2 net1 VSS sky130_fd_pr__nfet_01v8 L=1 W=50.0 m=1
XM5 net4 vbp net6 VDD sky130_fd_pr__pfet_01v8_lvt L=1 W=50.0 m=1
XM6 Vout vbp net5 VDD sky130_fd_pr__pfet_01v8_lvt L=1 W=50.0 m=1
XM7 net6 net4 VDD VDD sky130_fd_pr__pfet_01v8_lvt L=1 W=50.0 m=1
XM8 net5 net4 VDD VDD sky130_fd_pr__pfet_01v8_lvt L=1 W=50.0 m=1
XB1 1 1 VDD VDD sky130_fd_pr__pfet_01v8_lvt L=1 W=50.0 m=1
XB2 2 1 VDD VDD sky130_fd_pr__pfet_01v8_lvt L=1 W=50.0 m=1
XB4 vbn2 1 VDD VDD sky130_fd_pr__pfet_01v8_lvt L=1 W=50.0 m=1
XB3 2 2 VSS VSS sky130_fd_pr__nfet_01v8 L=1 W=0.42016806722689076 m=1
XB9 3 vbn1 VSS VSS sky130_fd_pr__nfet_01v8 L=1 W=4.201680672268908 m=1
XB10 4 vbn1 VSS VSS sky130_fd_pr__nfet_01v8 L=1 W=4.201680672268908 m=1
XB5 vbp vbp VDD VDD sky130_fd_pr__pfet_01v8_lvt L=1 W=0.42016806722689076 m=1
XB6 vbn2 vbn2 vbn1 vbn1 sky130_fd_pr__nfet_01v8 L=1 W=4.201680672268908 m=1
XB7 vbn1 2 3 VSS sky130_fd_pr__nfet_01v8 L=1 W=4.201680672268908 m=1
XB8 vbp 2 4 VSS sky130_fd_pr__nfet_01v8 L=1 W=4.201680672268908 m=1
I1 1 VSS 10.0u
.ends AMP

2025-03-24 23:46:54.946 | INFO     | __main__:simulation_agent_process:113 - 当前仿真结果: {'Gain': 60.0927, 'GBW': 125.683, 'PM': 58.4668, 'i(vmeas)': 198.8201, 'sr': 136.5447}
2025-03-24 23:46:54.946 | INFO     | __main__:simulation_agent_process:128 - 仿真结果不满足要求，继续迭代
2025-03-24 23:46:54.946 | INFO     | agent.utils:wrapper:164 - 函数 'simulation_agent_process' 的运行时间: 5.4070 秒
2025-03-24 23:47:08.116 | TRACE    | agent.agent2:revise_param:58 - PM过小,减小WL_max
2025-03-24 23:47:08.116 | INFO     | __main__:revision_agent_process:138 - 电路参数修正完成!
2025-03-24 23:47:08.116 | INFO     | agent.utils:wrapper:164 - 函数 'revision_agent_process' 的运行时间: 13.1702 秒
2025-03-24 23:47:23.008 | TRACE    | agent.agent1:calculate_k:66 - 计算k: 45.0/0.42/10 = 10.714285714285715
2025-03-24 23:47:33.738 | TRACE    | agent.agent1:calculate_W:72 - 计算W: 45/0.35 = 128.57142857142858, 45/0.35 = 128.57142857142858
2025-03-24 23:47:33.738 | INFO     | agent.utils:wrapper:164 - 函数 'calculation_agent_process' 的运行时间: 25.6216 秒
2025-03-24 23:47:33.738 | TRACE    | __main__:simulation_agent_process:81 - 当前电路网表: .subckt AMP Vinp Vinn VDD VSS Vout
XM1 net2 Vinp net3 VSS sky130_fd_pr__nfet_01v8 L=0.35 W=12.857142857142858 m=10
XM2 net1 Vinn net3 VSS sky130_fd_pr__nfet_01v8 L=0.35 W=12.857142857142858 m=10
XM9 net3 vbn1 VSS VSS sky130_fd_pr__nfet_01v8 L=1 W=12.857142857142858 m=10
XM3 net4 vbn2 net2 VSS sky130_fd_pr__nfet_01v8 L=1 W=12.857142857142858 m=10
XM4 Vout vbn2 net1 VSS sky130_fd_pr__nfet_01v8 L=1 W=12.857142857142858 m=10
XM5 net4 vbp net6 VDD sky130_fd_pr__pfet_01v8_lvt L=1 W=12.857142857142858 m=10
XM6 Vout vbp net5 VDD sky130_fd_pr__pfet_01v8_lvt L=1 W=12.857142857142858 m=10
XM7 net6 net4 VDD VDD sky130_fd_pr__pfet_01v8_lvt L=1 W=12.857142857142858 m=10
XM8 net5 net4 VDD VDD sky130_fd_pr__pfet_01v8_lvt L=1 W=12.857142857142858 m=10
XB1 1 1 VDD VDD sky130_fd_pr__pfet_01v8_lvt L=1 W=12.857142857142858 m=10
XB2 2 1 VDD VDD sky130_fd_pr__pfet_01v8_lvt L=1 W=12.857142857142858 m=10
XB4 vbn2 1 VDD VDD sky130_fd_pr__pfet_01v8_lvt L=1 W=12.857142857142858 m=10
XB3 2 2 VSS VSS sky130_fd_pr__nfet_01v8 L=1 W=1.2004801920768307 m=1
XB9 3 vbn1 VSS VSS sky130_fd_pr__nfet_01v8 L=1 W=12.004801920768308 m=1
XB10 4 vbn1 VSS VSS sky130_fd_pr__nfet_01v8 L=1 W=12.004801920768308 m=1
XB5 vbp vbp VDD VDD sky130_fd_pr__pfet_01v8_lvt L=1 W=1.2004801920768307 m=1
XB6 vbn2 vbn2 vbn1 vbn1 sky130_fd_pr__nfet_01v8 L=1 W=12.004801920768308 m=1
XB7 vbn1 2 3 VSS sky130_fd_pr__nfet_01v8 L=1 W=12.004801920768308 m=1
XB8 vbp 2 4 VSS sky130_fd_pr__nfet_01v8 L=1 W=12.004801920768308 m=1
I1 1 VSS 10.0u
.ends AMP

2025-03-24 23:47:39.033 | INFO     | __main__:simulation_agent_process:113 - 当前仿真结果: {'Gain': 64.9095, 'GBW': 85.9373, 'PM': 51.241, 'i(vmeas)': 154.804, 'sr': 137.0776}
2025-03-24 23:47:39.033 | INFO     | __main__:simulation_agent_process:128 - 仿真结果不满足要求，继续迭代
2025-03-24 23:47:39.033 | INFO     | agent.utils:wrapper:164 - 函数 'simulation_agent_process' 的运行时间: 5.2945 秒
2025-03-24 23:47:52.007 | TRACE    | agent.agent2:revise_param:55 - PM过小,减小WL_max
2025-03-24 23:47:52.007 | INFO     | __main__:revision_agent_process:138 - 电路参数修正完成!
2025-03-24 23:47:52.007 | INFO     | agent.utils:wrapper:164 - 函数 'revision_agent_process' 的运行时间: 12.9745 秒
2025-03-24 23:48:07.785 | TRACE    | agent.agent1:calculate_k:66 - 计算k: 22.5/0.42/10 = 5.357142857142858
2025-03-24 23:48:08.607 | TRACE    | agent.agent1:calculate_W:72 - 计算W: 22.5/0.35 = 64.28571428571429, 22.5/1 = 22.5
2025-03-24 23:48:08.607 | INFO     | agent.utils:wrapper:164 - 函数 'calculation_agent_process' 的运行时间: 16.5998 秒
2025-03-24 23:48:08.608 | TRACE    | __main__:simulation_agent_process:81 - 当前电路网表: .subckt AMP Vinp Vinn VDD VSS Vout
XM1 net2 Vinp net3 VSS sky130_fd_pr__nfet_01v8 L=0.35 W=64.28571428571429 m=1
XM2 net1 Vinn net3 VSS sky130_fd_pr__nfet_01v8 L=0.35 W=64.28571428571429 m=1
XM9 net3 vbn1 VSS VSS sky130_fd_pr__nfet_01v8 L=1 W=22.5 m=1
XM3 net4 vbn2 net2 VSS sky130_fd_pr__nfet_01v8 L=1 W=22.5 m=1
XM4 Vout vbn2 net1 VSS sky130_fd_pr__nfet_01v8 L=1 W=22.5 m=1
XM5 net4 vbp net6 VDD sky130_fd_pr__pfet_01v8_lvt L=1 W=22.5 m=1
XM6 Vout vbp net5 VDD sky130_fd_pr__pfet_01v8_lvt L=1 W=22.5 m=1
XM7 net6 net4 VDD VDD sky130_fd_pr__pfet_01v8_lvt L=1 W=22.5 m=1
XM8 net5 net4 VDD VDD sky130_fd_pr__pfet_01v8_lvt L=1 W=22.5 m=1
XB1 1 1 VDD VDD sky130_fd_pr__pfet_01v8_lvt L=1 W=22.5 m=1
XB2 2 1 VDD VDD sky130_fd_pr__pfet_01v8_lvt L=1 W=22.5 m=1
XB4 vbn2 1 VDD VDD sky130_fd_pr__pfet_01v8_lvt L=1 W=22.5 m=1
XB3 2 2 VSS VSS sky130_fd_pr__nfet_01v8 L=1 W=0.41977611940298504 m=1
XB9 3 vbn1 VSS VSS sky130_fd_pr__nfet_01v8 L=1 W=4.197761194029851 m=1
XB10 4 vbn1 VSS VSS sky130_fd_pr__nfet_01v8 L=1 W=4.197761194029851 m=1
XB5 vbp vbp VDD VDD sky130_fd_pr__pfet_01v8_lvt L=1 W=0.41977611940298504 m=1
XB6 vbn2 vbn2 vbn1 vbn1 sky130_fd_pr__nfet_01v8 L=1 W=4.197761194029851 m=1
XB7 vbn1 2 3 VSS sky130_fd_pr__nfet_01v8 L=1 W=4.197761194029851 m=1
XB8 vbp 2 4 VSS sky130_fd_pr__nfet_01v8 L=1 W=4.197761194029851 m=1
I1 1 VSS 10.0u
.ends AMP

2025-03-24 23:48:13.836 | INFO     | __main__:simulation_agent_process:113 - 当前仿真结果: {'Gain': 60.1198, 'GBW': 59.4728, 'PM': 74.4813, 'i(vmeas)': 107.34519999999999, 'sr': 43.13573}
2025-03-24 23:48:13.836 | INFO     | __main__:simulation_agent_process:128 - 仿真结果不满足要求，继续迭代
2025-03-24 23:48:13.836 | INFO     | agent.utils:wrapper:164 - 函数 'simulation_agent_process' 的运行时间: 5.2287 秒
2025-03-24 23:48:28.122 | TRACE    | agent.agent2:revise_param:63 - 满足要求,增大输入对管宽度
2025-03-24 23:48:28.122 | INFO     | __main__:revision_agent_process:138 - 电路参数修正完成!
2025-03-24 23:48:28.123 | INFO     | agent.utils:wrapper:164 - 函数 'revision_agent_process' 的运行时间: 14.2863 秒
2025-03-24 23:48:28.123 | INFO     | agent.utils:wrapper:164 - 函数 'main' 的运行时间: 272.8698 秒
